Building DAG of jobs...
Using shell: /usr/bin/bash
Provided cores: 64
Rules claiming more threads will be scaled down.
Job counts:
	count	jobs
	4	AdapterRemoval
	4	ClipAndMerge
	4	SeqPrep
	1	add_adapters
	1	all
	4	bbmerge
	20	evaluate_unzipped
	8	evaluate_zipped
	4	fastp
	4	leeHom
	1	merge_csv
	1	plot
	4	seqtk_adna_trim
	4	simulate_reads
	64

[Wed Nov 16 15:18:04 2022]
rule add_adapters:
    input: /home/projects/DNA_reconstruct/observed_merge_phred/check_bias/output/simulations/gen_n_1000000_l_120_frag.fa
    output: /home/projects/DNA_reconstruct/observed_merge_phred/check_bias/output/simulations/gen_n_1000000_l_120_adpt.fa
    jobid: 36
    benchmark: /home/projects/DNA_reconstruct/observed_merge_phred/check_bias/output/benchmarks/simulations/gen_n_1000000_l_120_adpt.tsv
    wildcards: n=1000000, l=120

Terminating processes on user request, this might take some time.
[Wed Nov 16 15:18:07 2022]
Error in rule add_adapters:
    jobid: 36
    output: /home/projects/DNA_reconstruct/observed_merge_phred/check_bias/output/simulations/gen_n_1000000_l_120_adpt.fa
    shell:
        /home/ctools/gargammel/src/adptSim -l 125 -artp /home/projects/DNA_reconstruct/observed_merge_phred/check_bias/output/simulations/gen_n_1000000_l_120_adpt.fa /home/projects/DNA_reconstruct/observed_merge_phred/check_bias/output/simulations/gen_n_1000000_l_120_frag.fa
        (one of the commands exited with non-zero exit code; note that snakemake uses bash strict mode!)

Removing output files of failed job add_adapters since they might be corrupted:
/home/projects/DNA_reconstruct/observed_merge_phred/check_bias/output/simulations/gen_n_1000000_l_120_adpt.fa
Complete log: /home/projects/DNA_reconstruct/observed_merge_phred/check_bias/.snakemake/log/2022-11-16T151804.416766.snakemake.log
