Building DAG of jobs...
Using shell: /usr/bin/bash
Provided cores: 64
Rules claiming more threads will be scaled down.
Job counts:
	count	jobs
	1	all
	1	plot
	2

[Wed Nov 16 15:40:27 2022]
rule plot:
    input: /home/projects/DNA_reconstruct/observed_merge_phred/check_bias/output/evaluation/all_merged.csv
    output: /home/projects/DNA_reconstruct/observed_merge_phred/check_bias/output/plots/fraglen_histograms.png, /home/projects/DNA_reconstruct/observed_merge_phred/check_bias/output/plots/fraglen_distributions_leeHom.png, /home/projects/DNA_reconstruct/observed_merge_phred/check_bias/output/plots/fraglen_distributions_AdapterRemoval.png, /home/projects/DNA_reconstruct/observed_merge_phred/check_bias/output/plots/fraglen_distributions_ClipAndMerge.png, /home/projects/DNA_reconstruct/observed_merge_phred/check_bias/output/plots/fraglen_distributions_seqtk_adna_trim.png, /home/projects/DNA_reconstruct/observed_merge_phred/check_bias/output/plots/fraglen_distributions_bbmerge.png, /home/projects/DNA_reconstruct/observed_merge_phred/check_bias/output/plots/fraglen_distributions_fastp.png, /home/projects/DNA_reconstruct/observed_merge_phred/check_bias/output/plots/fraglen_distributions_SeqPrep.png
    jobid: 35

Waiting at most 5 seconds for missing files.
MissingOutputException in line 590 of /home/projects/DNA_reconstruct/observed_merge_phred/check_bias/snakefile:
Missing files after 5 seconds:
/home/projects/DNA_reconstruct/observed_merge_phred/check_bias/output/plots/fraglen_histograms.png
/home/projects/DNA_reconstruct/observed_merge_phred/check_bias/output/plots/fraglen_distributions_leeHom.png
/home/projects/DNA_reconstruct/observed_merge_phred/check_bias/output/plots/fraglen_distributions_AdapterRemoval.png
/home/projects/DNA_reconstruct/observed_merge_phred/check_bias/output/plots/fraglen_distributions_ClipAndMerge.png
/home/projects/DNA_reconstruct/observed_merge_phred/check_bias/output/plots/fraglen_distributions_seqtk_adna_trim.png
/home/projects/DNA_reconstruct/observed_merge_phred/check_bias/output/plots/fraglen_distributions_bbmerge.png
/home/projects/DNA_reconstruct/observed_merge_phred/check_bias/output/plots/fraglen_distributions_fastp.png
/home/projects/DNA_reconstruct/observed_merge_phred/check_bias/output/plots/fraglen_distributions_SeqPrep.png
This might be due to filesystem latency. If that is the case, consider to increase the wait time with --latency-wait.
Shutting down, this might take some time.
Exiting because a job execution failed. Look above for error message
Complete log: /home/projects/DNA_reconstruct/observed_merge_phred/check_bias/.snakemake/log/2022-11-16T154027.277574.snakemake.log
