Building DAG of jobs...
Using shell: /usr/bin/bash
Provided cores: 64
Rules claiming more threads will be scaled down.
Job counts:
	count	jobs
	1	ClipAndMerge
	1	SeqPrep
	1	all
	20	evaluate_unzipped
	8	evaluate_zipped
	1	merge_csv
	32

[Wed Nov 16 15:29:37 2022]
rule evaluate_zipped:
    input: /home/projects/DNA_reconstruct/observed_merge_phred/check_bias/output/simulations/gen_n_1000000_l_120_frag.fa, /home/projects/DNA_reconstruct/observed_merge_phred/check_bias/output/reconstructions/SeqPrep/gen_n_1000000_l_120_qs_0_merged.fq.gz
    output: /home/projects/DNA_reconstruct/observed_merge_phred/check_bias/output/evaluation/SeqPrep/gen_n_1000000_l_120_qs_0.csv
    jobid: 60
    wildcards: tool_name=SeqPrep, n=1000000, l=120, qs=0
    resources: mem_mb=15000


[Wed Nov 16 15:29:37 2022]
rule SeqPrep:
    input: /home/projects/DNA_reconstruct/observed_merge_phred/check_bias/output/simulations/gen_n_1000000_l_120_qs_-30_s1.fq, /home/projects/DNA_reconstruct/observed_merge_phred/check_bias/output/simulations/gen_n_1000000_l_120_qs_-30_s2.fq
    output: /home/projects/DNA_reconstruct/observed_merge_phred/check_bias/output/reconstructions/SeqPrep/gen_n_1000000_l_120_qs_-30_merged.fq.gz, /home/projects/DNA_reconstruct/observed_merge_phred/check_bias/output/reconstructions/SeqPrep/gen_n_1000000_l_120_qs_-30_merged.R1.fq.gz, /home/projects/DNA_reconstruct/observed_merge_phred/check_bias/output/reconstructions/SeqPrep/gen_n_1000000_l_120_qs_-30_merged.R2.fq.gz
    jobid: 32
    benchmark: /home/projects/DNA_reconstruct/observed_merge_phred/check_bias/output/benchmarks/SeqPrep/gen_n_1000000_l_120_qs_-30_merged.tsv
    wildcards: n=1000000, l=120, qs=-30


[Wed Nov 16 15:29:37 2022]
rule evaluate_unzipped:
    input: /home/projects/DNA_reconstruct/observed_merge_phred/check_bias/output/simulations/gen_n_1000000_l_120_frag.fa, /home/projects/DNA_reconstruct/observed_merge_phred/check_bias/output/reconstructions/fastp/gen_n_1000000_l_120_qs_-30_merged.fq
    output: /home/projects/DNA_reconstruct/observed_merge_phred/check_bias/output/evaluation/fastp/gen_n_1000000_l_120_qs_-30.csv
    jobid: 59
    wildcards: tool_name=fastp, n=1000000, l=120, qs=-30
    resources: mem_mb=15000


[Wed Nov 16 15:29:37 2022]
rule evaluate_zipped:
    input: /home/projects/DNA_reconstruct/observed_merge_phred/check_bias/output/simulations/gen_n_1000000_l_120_frag.fa, /home/projects/DNA_reconstruct/observed_merge_phred/check_bias/output/reconstructions/leeHom/gen_n_1000000_l_120_qs_-30_merged.fq.gz
    output: /home/projects/DNA_reconstruct/observed_merge_phred/check_bias/output/evaluation/leeHom/gen_n_1000000_l_120_qs_-30.csv
    jobid: 40
    wildcards: tool_name=leeHom, n=1000000, l=120, qs=-30
    resources: mem_mb=15000


[Wed Nov 16 15:29:37 2022]
rule evaluate_unzipped:
    input: /home/projects/DNA_reconstruct/observed_merge_phred/check_bias/output/simulations/gen_n_1000000_l_120_frag.fa, /home/projects/DNA_reconstruct/observed_merge_phred/check_bias/output/reconstructions/ClipAndMerge/gen_n_1000000_l_120_qs_-20_merged.fq
    output: /home/projects/DNA_reconstruct/observed_merge_phred/check_bias/output/evaluation/ClipAndMerge/gen_n_1000000_l_120_qs_-20.csv
    jobid: 47
    wildcards: tool_name=ClipAndMerge, n=1000000, l=120, qs=-20
    resources: mem_mb=15000


[Wed Nov 16 15:29:37 2022]
rule evaluate_unzipped:
    input: /home/projects/DNA_reconstruct/observed_merge_phred/check_bias/output/simulations/gen_n_1000000_l_120_frag.fa, /home/projects/DNA_reconstruct/observed_merge_phred/check_bias/output/reconstructions/AdapterRemoval/gen_n_1000000_l_120_qs_-20_merged.fq
    output: /home/projects/DNA_reconstruct/observed_merge_phred/check_bias/output/evaluation/AdapterRemoval/gen_n_1000000_l_120_qs_-20.csv
    jobid: 43
    wildcards: tool_name=AdapterRemoval, n=1000000, l=120, qs=-20
    resources: mem_mb=15000


[Wed Nov 16 15:29:37 2022]
rule evaluate_zipped:
    input: /home/projects/DNA_reconstruct/observed_merge_phred/check_bias/output/simulations/gen_n_1000000_l_120_frag.fa, /home/projects/DNA_reconstruct/observed_merge_phred/check_bias/output/reconstructions/SeqPrep/gen_n_1000000_l_120_qs_-10_merged.fq.gz
    output: /home/projects/DNA_reconstruct/observed_merge_phred/check_bias/output/evaluation/SeqPrep/gen_n_1000000_l_120_qs_-10.csv
    jobid: 61
    wildcards: tool_name=SeqPrep, n=1000000, l=120, qs=-10
    resources: mem_mb=15000


[Wed Nov 16 15:29:37 2022]
rule evaluate_unzipped:
    input: /home/projects/DNA_reconstruct/observed_merge_phred/check_bias/output/simulations/gen_n_1000000_l_120_frag.fa, /home/projects/DNA_reconstruct/observed_merge_phred/check_bias/output/reconstructions/seqtk_adna_trim/gen_n_1000000_l_120_qs_-20_merged.fq
    output: /home/projects/DNA_reconstruct/observed_merge_phred/check_bias/output/evaluation/seqtk_adna_trim/gen_n_1000000_l_120_qs_-20.csv
    jobid: 51
    wildcards: tool_name=seqtk_adna_trim, n=1000000, l=120, qs=-20
    resources: mem_mb=15000


[Wed Nov 16 15:29:37 2022]
rule evaluate_unzipped:
    input: /home/projects/DNA_reconstruct/observed_merge_phred/check_bias/output/simulations/gen_n_1000000_l_120_frag.fa, /home/projects/DNA_reconstruct/observed_merge_phred/check_bias/output/reconstructions/bbmerge/gen_n_1000000_l_120_qs_-20_merged.fq
    output: /home/projects/DNA_reconstruct/observed_merge_phred/check_bias/output/evaluation/bbmerge/gen_n_1000000_l_120_qs_-20.csv
    jobid: 55
    wildcards: tool_name=bbmerge, n=1000000, l=120, qs=-20
    resources: mem_mb=15000


[Wed Nov 16 15:29:37 2022]
rule ClipAndMerge:
    input: /home/projects/DNA_reconstruct/observed_merge_phred/check_bias/output/simulations/gen_n_1000000_l_120_qs_-30_s1.fq, /home/projects/DNA_reconstruct/observed_merge_phred/check_bias/output/simulations/gen_n_1000000_l_120_qs_-30_s2.fq
    output: /home/projects/DNA_reconstruct/observed_merge_phred/check_bias/output/reconstructions/ClipAndMerge/gen_n_1000000_l_120_qs_-30_merged.fq, /home/projects/DNA_reconstruct/observed_merge_phred/check_bias/output/reconstructions/ClipAndMerge/gen_n_1000000_l_120_qs_-30_unmerged_s1.fq, /home/projects/DNA_reconstruct/observed_merge_phred/check_bias/output/reconstructions/ClipAndMerge/gen_n_1000000_l_120_qs_-30_unmerged_s2.fq
    jobid: 16
    benchmark: /home/projects/DNA_reconstruct/observed_merge_phred/check_bias/output/benchmarks/ClipAndMerge/gen_n_1000000_l_120_qs_-30_merged.tsv
    wildcards: n=1000000, l=120, qs=-30


[Wed Nov 16 15:29:38 2022]
rule evaluate_zipped:
    input: /home/projects/DNA_reconstruct/observed_merge_phred/check_bias/output/simulations/gen_n_1000000_l_120_frag.fa, /home/projects/DNA_reconstruct/observed_merge_phred/check_bias/output/reconstructions/leeHom/gen_n_1000000_l_120_qs_-20_merged.fq.gz
    output: /home/projects/DNA_reconstruct/observed_merge_phred/check_bias/output/evaluation/leeHom/gen_n_1000000_l_120_qs_-20.csv
    jobid: 39
    wildcards: tool_name=leeHom, n=1000000, l=120, qs=-20
    resources: mem_mb=15000


[Wed Nov 16 15:29:38 2022]
rule evaluate_unzipped:
    input: /home/projects/DNA_reconstruct/observed_merge_phred/check_bias/output/simulations/gen_n_1000000_l_120_frag.fa, /home/projects/DNA_reconstruct/observed_merge_phred/check_bias/output/reconstructions/fastp/gen_n_1000000_l_120_qs_-20_merged.fq
    output: /home/projects/DNA_reconstruct/observed_merge_phred/check_bias/output/evaluation/fastp/gen_n_1000000_l_120_qs_-20.csv
    jobid: 58
    wildcards: tool_name=fastp, n=1000000, l=120, qs=-20
    resources: mem_mb=15000


[Wed Nov 16 15:29:38 2022]
rule evaluate_unzipped:
    input: /home/projects/DNA_reconstruct/observed_merge_phred/check_bias/output/simulations/gen_n_1000000_l_120_frag.fa, /home/projects/DNA_reconstruct/observed_merge_phred/check_bias/output/reconstructions/bbmerge/gen_n_1000000_l_120_qs_-30_merged.fq
    output: /home/projects/DNA_reconstruct/observed_merge_phred/check_bias/output/evaluation/bbmerge/gen_n_1000000_l_120_qs_-30.csv
    jobid: 56
    wildcards: tool_name=bbmerge, n=1000000, l=120, qs=-30
    resources: mem_mb=15000


[Wed Nov 16 15:29:38 2022]
rule evaluate_unzipped:
    input: /home/projects/DNA_reconstruct/observed_merge_phred/check_bias/output/simulations/gen_n_1000000_l_120_frag.fa, /home/projects/DNA_reconstruct/observed_merge_phred/check_bias/output/reconstructions/seqtk_adna_trim/gen_n_1000000_l_120_qs_-30_merged.fq
    output: /home/projects/DNA_reconstruct/observed_merge_phred/check_bias/output/evaluation/seqtk_adna_trim/gen_n_1000000_l_120_qs_-30.csv
    jobid: 52
    wildcards: tool_name=seqtk_adna_trim, n=1000000, l=120, qs=-30
    resources: mem_mb=15000


[Wed Nov 16 15:29:38 2022]
rule evaluate_unzipped:
    input: /home/projects/DNA_reconstruct/observed_merge_phred/check_bias/output/simulations/gen_n_1000000_l_120_frag.fa, /home/projects/DNA_reconstruct/observed_merge_phred/check_bias/output/reconstructions/AdapterRemoval/gen_n_1000000_l_120_qs_-30_merged.fq
    output: /home/projects/DNA_reconstruct/observed_merge_phred/check_bias/output/evaluation/AdapterRemoval/gen_n_1000000_l_120_qs_-30.csv
    jobid: 44
    wildcards: tool_name=AdapterRemoval, n=1000000, l=120, qs=-30
    resources: mem_mb=15000


[Wed Nov 16 15:29:38 2022]
rule evaluate_unzipped:
    input: /home/projects/DNA_reconstruct/observed_merge_phred/check_bias/output/simulations/gen_n_1000000_l_120_frag.fa, /home/projects/DNA_reconstruct/observed_merge_phred/check_bias/output/reconstructions/fastp/gen_n_1000000_l_120_qs_0_merged.fq
    output: /home/projects/DNA_reconstruct/observed_merge_phred/check_bias/output/evaluation/fastp/gen_n_1000000_l_120_qs_0.csv
    jobid: 33
    wildcards: tool_name=fastp, n=1000000, l=120, qs=0
    resources: mem_mb=15000


[Wed Nov 16 15:29:38 2022]
rule evaluate_zipped:
    input: /home/projects/DNA_reconstruct/observed_merge_phred/check_bias/output/simulations/gen_n_1000000_l_120_frag.fa, /home/projects/DNA_reconstruct/observed_merge_phred/check_bias/output/reconstructions/leeHom/gen_n_1000000_l_120_qs_0_merged.fq.gz
    output: /home/projects/DNA_reconstruct/observed_merge_phred/check_bias/output/evaluation/leeHom/gen_n_1000000_l_120_qs_0.csv
    jobid: 37
    wildcards: tool_name=leeHom, n=1000000, l=120, qs=0
    resources: mem_mb=15000


[Wed Nov 16 15:29:38 2022]
rule evaluate_unzipped:
    input: /home/projects/DNA_reconstruct/observed_merge_phred/check_bias/output/simulations/gen_n_1000000_l_120_frag.fa, /home/projects/DNA_reconstruct/observed_merge_phred/check_bias/output/reconstructions/fastp/gen_n_1000000_l_120_qs_-10_merged.fq
    output: /home/projects/DNA_reconstruct/observed_merge_phred/check_bias/output/evaluation/fastp/gen_n_1000000_l_120_qs_-10.csv
    jobid: 57
    wildcards: tool_name=fastp, n=1000000, l=120, qs=-10
    resources: mem_mb=15000


[Wed Nov 16 15:29:38 2022]
rule evaluate_zipped:
    input: /home/projects/DNA_reconstruct/observed_merge_phred/check_bias/output/simulations/gen_n_1000000_l_120_frag.fa, /home/projects/DNA_reconstruct/observed_merge_phred/check_bias/output/reconstructions/leeHom/gen_n_1000000_l_120_qs_-10_merged.fq.gz
    output: /home/projects/DNA_reconstruct/observed_merge_phred/check_bias/output/evaluation/leeHom/gen_n_1000000_l_120_qs_-10.csv
    jobid: 38
    wildcards: tool_name=leeHom, n=1000000, l=120, qs=-10
    resources: mem_mb=15000


[Wed Nov 16 15:29:38 2022]
rule evaluate_unzipped:
    input: /home/projects/DNA_reconstruct/observed_merge_phred/check_bias/output/simulations/gen_n_1000000_l_120_frag.fa, /home/projects/DNA_reconstruct/observed_merge_phred/check_bias/output/reconstructions/bbmerge/gen_n_1000000_l_120_qs_-10_merged.fq
    output: /home/projects/DNA_reconstruct/observed_merge_phred/check_bias/output/evaluation/bbmerge/gen_n_1000000_l_120_qs_-10.csv
    jobid: 54
    wildcards: tool_name=bbmerge, n=1000000, l=120, qs=-10
    resources: mem_mb=15000

[Wed Nov 16 15:29:39 2022]
Finished job 59.
1 of 32 steps (3%) done

[Wed Nov 16 15:29:39 2022]
rule evaluate_unzipped:
    input: /home/projects/DNA_reconstruct/observed_merge_phred/check_bias/output/simulations/gen_n_1000000_l_120_frag.fa, /home/projects/DNA_reconstruct/observed_merge_phred/check_bias/output/reconstructions/ClipAndMerge/gen_n_1000000_l_120_qs_0_merged.fq
    output: /home/projects/DNA_reconstruct/observed_merge_phred/check_bias/output/evaluation/ClipAndMerge/gen_n_1000000_l_120_qs_0.csv
    jobid: 45
    wildcards: tool_name=ClipAndMerge, n=1000000, l=120, qs=0
    resources: mem_mb=15000


[Wed Nov 16 15:29:39 2022]
rule evaluate_unzipped:
    input: /home/projects/DNA_reconstruct/observed_merge_phred/check_bias/output/simulations/gen_n_1000000_l_120_frag.fa, /home/projects/DNA_reconstruct/observed_merge_phred/check_bias/output/reconstructions/seqtk_adna_trim/gen_n_1000000_l_120_qs_-10_merged.fq
    output: /home/projects/DNA_reconstruct/observed_merge_phred/check_bias/output/evaluation/seqtk_adna_trim/gen_n_1000000_l_120_qs_-10.csv
    jobid: 50
    wildcards: tool_name=seqtk_adna_trim, n=1000000, l=120, qs=-10
    resources: mem_mb=15000


[Wed Nov 16 15:29:39 2022]
rule evaluate_zipped:
    input: /home/projects/DNA_reconstruct/observed_merge_phred/check_bias/output/simulations/gen_n_1000000_l_120_frag.fa, /home/projects/DNA_reconstruct/observed_merge_phred/check_bias/output/reconstructions/SeqPrep/gen_n_1000000_l_120_qs_-20_merged.fq.gz
    output: /home/projects/DNA_reconstruct/observed_merge_phred/check_bias/output/evaluation/SeqPrep/gen_n_1000000_l_120_qs_-20.csv
    jobid: 62
    wildcards: tool_name=SeqPrep, n=1000000, l=120, qs=-20
    resources: mem_mb=15000


[Wed Nov 16 15:29:39 2022]
rule evaluate_unzipped:
    input: /home/projects/DNA_reconstruct/observed_merge_phred/check_bias/output/simulations/gen_n_1000000_l_120_frag.fa, /home/projects/DNA_reconstruct/observed_merge_phred/check_bias/output/reconstructions/AdapterRemoval/gen_n_1000000_l_120_qs_-10_merged.fq
    output: /home/projects/DNA_reconstruct/observed_merge_phred/check_bias/output/evaluation/AdapterRemoval/gen_n_1000000_l_120_qs_-10.csv
    jobid: 42
    wildcards: tool_name=AdapterRemoval, n=1000000, l=120, qs=-10
    resources: mem_mb=15000


[Wed Nov 16 15:29:39 2022]
rule evaluate_unzipped:
    input: /home/projects/DNA_reconstruct/observed_merge_phred/check_bias/output/simulations/gen_n_1000000_l_120_frag.fa, /home/projects/DNA_reconstruct/observed_merge_phred/check_bias/output/reconstructions/seqtk_adna_trim/gen_n_1000000_l_120_qs_0_merged.fq
    output: /home/projects/DNA_reconstruct/observed_merge_phred/check_bias/output/evaluation/seqtk_adna_trim/gen_n_1000000_l_120_qs_0.csv
    jobid: 49
    wildcards: tool_name=seqtk_adna_trim, n=1000000, l=120, qs=0
    resources: mem_mb=15000


[Wed Nov 16 15:29:39 2022]
rule evaluate_unzipped:
    input: /home/projects/DNA_reconstruct/observed_merge_phred/check_bias/output/simulations/gen_n_1000000_l_120_frag.fa, /home/projects/DNA_reconstruct/observed_merge_phred/check_bias/output/reconstructions/bbmerge/gen_n_1000000_l_120_qs_0_merged.fq
    output: /home/projects/DNA_reconstruct/observed_merge_phred/check_bias/output/evaluation/bbmerge/gen_n_1000000_l_120_qs_0.csv
    jobid: 53
    wildcards: tool_name=bbmerge, n=1000000, l=120, qs=0
    resources: mem_mb=15000


[Wed Nov 16 15:29:39 2022]
rule evaluate_unzipped:
    input: /home/projects/DNA_reconstruct/observed_merge_phred/check_bias/output/simulations/gen_n_1000000_l_120_frag.fa, /home/projects/DNA_reconstruct/observed_merge_phred/check_bias/output/reconstructions/ClipAndMerge/gen_n_1000000_l_120_qs_-10_merged.fq
    output: /home/projects/DNA_reconstruct/observed_merge_phred/check_bias/output/evaluation/ClipAndMerge/gen_n_1000000_l_120_qs_-10.csv
    jobid: 46
    wildcards: tool_name=ClipAndMerge, n=1000000, l=120, qs=-10
    resources: mem_mb=15000


[Wed Nov 16 15:29:39 2022]
rule evaluate_unzipped:
    input: /home/projects/DNA_reconstruct/observed_merge_phred/check_bias/output/simulations/gen_n_1000000_l_120_frag.fa, /home/projects/DNA_reconstruct/observed_merge_phred/check_bias/output/reconstructions/AdapterRemoval/gen_n_1000000_l_120_qs_0_merged.fq
    output: /home/projects/DNA_reconstruct/observed_merge_phred/check_bias/output/evaluation/AdapterRemoval/gen_n_1000000_l_120_qs_0.csv
    jobid: 41
    wildcards: tool_name=AdapterRemoval, n=1000000, l=120, qs=0
    resources: mem_mb=15000

[Wed Nov 16 15:29:39 2022]
Finished job 55.
2 of 32 steps (6%) done
[Wed Nov 16 15:29:40 2022]
Finished job 56.
3 of 32 steps (9%) done
[Wed Nov 16 15:29:40 2022]
Finished job 52.
4 of 32 steps (12%) done
[Wed Nov 16 15:29:40 2022]
Finished job 44.
5 of 32 steps (16%) done
[Wed Nov 16 15:29:42 2022]
Finished job 62.
6 of 32 steps (19%) done
[Wed Nov 16 15:29:44 2022]
Finished job 54.
7 of 32 steps (22%) done
[Wed Nov 16 15:29:44 2022]
Finished job 58.
8 of 32 steps (25%) done
[Wed Nov 16 15:29:50 2022]
Finished job 40.
9 of 32 steps (28%) done
[Wed Nov 16 15:29:50 2022]
Finished job 51.
10 of 32 steps (31%) done
[Wed Nov 16 15:29:51 2022]
Finished job 47.
11 of 32 steps (34%) done
[Wed Nov 16 15:29:52 2022]
Finished job 43.
12 of 32 steps (38%) done
[Wed Nov 16 15:29:53 2022]
Finished job 41.
13 of 32 steps (41%) done
[Wed Nov 16 15:29:53 2022]
Finished job 42.
14 of 32 steps (44%) done
[Wed Nov 16 15:29:53 2022]
Finished job 53.
15 of 32 steps (47%) done
[Wed Nov 16 15:29:54 2022]
Finished job 57.
16 of 32 steps (50%) done
[Wed Nov 16 15:29:54 2022]
Finished job 49.
17 of 32 steps (53%) done
[Wed Nov 16 15:29:54 2022]
Finished job 45.
18 of 32 steps (56%) done
[Wed Nov 16 15:29:55 2022]
Finished job 46.
19 of 32 steps (59%) done
[Wed Nov 16 15:29:55 2022]
Finished job 33.
20 of 32 steps (62%) done
[Wed Nov 16 15:29:56 2022]
Finished job 50.
21 of 32 steps (66%) done
[Wed Nov 16 15:30:00 2022]
Finished job 60.
22 of 32 steps (69%) done
[Wed Nov 16 15:30:00 2022]
Finished job 37.
23 of 32 steps (72%) done
[Wed Nov 16 15:30:00 2022]
Finished job 39.
24 of 32 steps (75%) done
[Wed Nov 16 15:30:01 2022]
Finished job 61.
25 of 32 steps (78%) done
[Wed Nov 16 15:30:02 2022]
Finished job 38.
26 of 32 steps (81%) done
[Wed Nov 16 15:31:53 2022]
Finished job 16.
27 of 32 steps (84%) done

[Wed Nov 16 15:31:53 2022]
rule evaluate_unzipped:
    input: /home/projects/DNA_reconstruct/observed_merge_phred/check_bias/output/simulations/gen_n_1000000_l_120_frag.fa, /home/projects/DNA_reconstruct/observed_merge_phred/check_bias/output/reconstructions/ClipAndMerge/gen_n_1000000_l_120_qs_-30_merged.fq
    output: /home/projects/DNA_reconstruct/observed_merge_phred/check_bias/output/evaluation/ClipAndMerge/gen_n_1000000_l_120_qs_-30.csv
    jobid: 48
    wildcards: tool_name=ClipAndMerge, n=1000000, l=120, qs=-30
    resources: mem_mb=15000

[Wed Nov 16 15:32:08 2022]
Finished job 48.
28 of 32 steps (88%) done
[Wed Nov 16 15:36:10 2022]
Finished job 32.
29 of 32 steps (91%) done

[Wed Nov 16 15:36:10 2022]
rule evaluate_zipped:
    input: /home/projects/DNA_reconstruct/observed_merge_phred/check_bias/output/simulations/gen_n_1000000_l_120_frag.fa, /home/projects/DNA_reconstruct/observed_merge_phred/check_bias/output/reconstructions/SeqPrep/gen_n_1000000_l_120_qs_-30_merged.fq.gz
    output: /home/projects/DNA_reconstruct/observed_merge_phred/check_bias/output/evaluation/SeqPrep/gen_n_1000000_l_120_qs_-30.csv
    jobid: 63
    wildcards: tool_name=SeqPrep, n=1000000, l=120, qs=-30
    resources: mem_mb=15000

[Wed Nov 16 15:36:12 2022]
Finished job 63.
30 of 32 steps (94%) done

[Wed Nov 16 15:36:12 2022]
rule merge_csv:
    input: /home/projects/DNA_reconstruct/observed_merge_phred/check_bias/output/evaluation/leeHom/gen_n_1000000_l_120_qs_0.csv, /home/projects/DNA_reconstruct/observed_merge_phred/check_bias/output/evaluation/leeHom/gen_n_1000000_l_120_qs_-10.csv, /home/projects/DNA_reconstruct/observed_merge_phred/check_bias/output/evaluation/leeHom/gen_n_1000000_l_120_qs_-20.csv, /home/projects/DNA_reconstruct/observed_merge_phred/check_bias/output/evaluation/leeHom/gen_n_1000000_l_120_qs_-30.csv, /home/projects/DNA_reconstruct/observed_merge_phred/check_bias/output/evaluation/AdapterRemoval/gen_n_1000000_l_120_qs_0.csv, /home/projects/DNA_reconstruct/observed_merge_phred/check_bias/output/evaluation/AdapterRemoval/gen_n_1000000_l_120_qs_-10.csv, /home/projects/DNA_reconstruct/observed_merge_phred/check_bias/output/evaluation/AdapterRemoval/gen_n_1000000_l_120_qs_-20.csv, /home/projects/DNA_reconstruct/observed_merge_phred/check_bias/output/evaluation/AdapterRemoval/gen_n_1000000_l_120_qs_-30.csv, /home/projects/DNA_reconstruct/observed_merge_phred/check_bias/output/evaluation/ClipAndMerge/gen_n_1000000_l_120_qs_0.csv, /home/projects/DNA_reconstruct/observed_merge_phred/check_bias/output/evaluation/ClipAndMerge/gen_n_1000000_l_120_qs_-10.csv, /home/projects/DNA_reconstruct/observed_merge_phred/check_bias/output/evaluation/ClipAndMerge/gen_n_1000000_l_120_qs_-20.csv, /home/projects/DNA_reconstruct/observed_merge_phred/check_bias/output/evaluation/ClipAndMerge/gen_n_1000000_l_120_qs_-30.csv, /home/projects/DNA_reconstruct/observed_merge_phred/check_bias/output/evaluation/seqtk_adna_trim/gen_n_1000000_l_120_qs_0.csv, /home/projects/DNA_reconstruct/observed_merge_phred/check_bias/output/evaluation/seqtk_adna_trim/gen_n_1000000_l_120_qs_-10.csv, /home/projects/DNA_reconstruct/observed_merge_phred/check_bias/output/evaluation/seqtk_adna_trim/gen_n_1000000_l_120_qs_-20.csv, /home/projects/DNA_reconstruct/observed_merge_phred/check_bias/output/evaluation/seqtk_adna_trim/gen_n_1000000_l_120_qs_-30.csv, /home/projects/DNA_reconstruct/observed_merge_phred/check_bias/output/evaluation/bbmerge/gen_n_1000000_l_120_qs_0.csv, /home/projects/DNA_reconstruct/observed_merge_phred/check_bias/output/evaluation/bbmerge/gen_n_1000000_l_120_qs_-10.csv, /home/projects/DNA_reconstruct/observed_merge_phred/check_bias/output/evaluation/bbmerge/gen_n_1000000_l_120_qs_-20.csv, /home/projects/DNA_reconstruct/observed_merge_phred/check_bias/output/evaluation/bbmerge/gen_n_1000000_l_120_qs_-30.csv, /home/projects/DNA_reconstruct/observed_merge_phred/check_bias/output/evaluation/fastp/gen_n_1000000_l_120_qs_0.csv, /home/projects/DNA_reconstruct/observed_merge_phred/check_bias/output/evaluation/fastp/gen_n_1000000_l_120_qs_-10.csv, /home/projects/DNA_reconstruct/observed_merge_phred/check_bias/output/evaluation/fastp/gen_n_1000000_l_120_qs_-20.csv, /home/projects/DNA_reconstruct/observed_merge_phred/check_bias/output/evaluation/fastp/gen_n_1000000_l_120_qs_-30.csv, /home/projects/DNA_reconstruct/observed_merge_phred/check_bias/output/evaluation/SeqPrep/gen_n_1000000_l_120_qs_0.csv, /home/projects/DNA_reconstruct/observed_merge_phred/check_bias/output/evaluation/SeqPrep/gen_n_1000000_l_120_qs_-10.csv, /home/projects/DNA_reconstruct/observed_merge_phred/check_bias/output/evaluation/SeqPrep/gen_n_1000000_l_120_qs_-20.csv, /home/projects/DNA_reconstruct/observed_merge_phred/check_bias/output/evaluation/SeqPrep/gen_n_1000000_l_120_qs_-30.csv
    output: /home/projects/DNA_reconstruct/observed_merge_phred/check_bias/output/evaluation/all_merged.csv
    jobid: 34

[Wed Nov 16 15:36:12 2022]
Finished job 34.
31 of 32 steps (97%) done

[Wed Nov 16 15:36:12 2022]
localrule all:
    input: /home/projects/DNA_reconstruct/observed_merge_phred/check_bias/output/simulations/gen_n_1000000_l_120_qs_0_s1.fq, /home/projects/DNA_reconstruct/observed_merge_phred/check_bias/output/simulations/gen_n_1000000_l_120_qs_-10_s1.fq, /home/projects/DNA_reconstruct/observed_merge_phred/check_bias/output/simulations/gen_n_1000000_l_120_qs_-20_s1.fq, /home/projects/DNA_reconstruct/observed_merge_phred/check_bias/output/simulations/gen_n_1000000_l_120_qs_-30_s1.fq, /home/projects/DNA_reconstruct/observed_merge_phred/check_bias/output/reconstructions/leeHom/gen_n_1000000_l_120_qs_0_merged.fq.gz, /home/projects/DNA_reconstruct/observed_merge_phred/check_bias/output/reconstructions/leeHom/gen_n_1000000_l_120_qs_-10_merged.fq.gz, /home/projects/DNA_reconstruct/observed_merge_phred/check_bias/output/reconstructions/leeHom/gen_n_1000000_l_120_qs_-20_merged.fq.gz, /home/projects/DNA_reconstruct/observed_merge_phred/check_bias/output/reconstructions/leeHom/gen_n_1000000_l_120_qs_-30_merged.fq.gz, /home/projects/DNA_reconstruct/observed_merge_phred/check_bias/output/reconstructions/AdapterRemoval/gen_n_1000000_l_120_qs_0_merged.fq, /home/projects/DNA_reconstruct/observed_merge_phred/check_bias/output/reconstructions/AdapterRemoval/gen_n_1000000_l_120_qs_-10_merged.fq, /home/projects/DNA_reconstruct/observed_merge_phred/check_bias/output/reconstructions/AdapterRemoval/gen_n_1000000_l_120_qs_-20_merged.fq, /home/projects/DNA_reconstruct/observed_merge_phred/check_bias/output/reconstructions/AdapterRemoval/gen_n_1000000_l_120_qs_-30_merged.fq, /home/projects/DNA_reconstruct/observed_merge_phred/check_bias/output/reconstructions/ClipAndMerge/gen_n_1000000_l_120_qs_0_merged.fq, /home/projects/DNA_reconstruct/observed_merge_phred/check_bias/output/reconstructions/ClipAndMerge/gen_n_1000000_l_120_qs_-10_merged.fq, /home/projects/DNA_reconstruct/observed_merge_phred/check_bias/output/reconstructions/ClipAndMerge/gen_n_1000000_l_120_qs_-20_merged.fq, /home/projects/DNA_reconstruct/observed_merge_phred/check_bias/output/reconstructions/ClipAndMerge/gen_n_1000000_l_120_qs_-30_merged.fq, /home/projects/DNA_reconstruct/observed_merge_phred/check_bias/output/reconstructions/seqtk_adna_trim/gen_n_1000000_l_120_qs_0_merged.fq, /home/projects/DNA_reconstruct/observed_merge_phred/check_bias/output/reconstructions/seqtk_adna_trim/gen_n_1000000_l_120_qs_-10_merged.fq, /home/projects/DNA_reconstruct/observed_merge_phred/check_bias/output/reconstructions/seqtk_adna_trim/gen_n_1000000_l_120_qs_-20_merged.fq, /home/projects/DNA_reconstruct/observed_merge_phred/check_bias/output/reconstructions/seqtk_adna_trim/gen_n_1000000_l_120_qs_-30_merged.fq, /home/projects/DNA_reconstruct/observed_merge_phred/check_bias/output/reconstructions/bbmerge/gen_n_1000000_l_120_qs_0_merged.fq, /home/projects/DNA_reconstruct/observed_merge_phred/check_bias/output/reconstructions/bbmerge/gen_n_1000000_l_120_qs_-10_merged.fq, /home/projects/DNA_reconstruct/observed_merge_phred/check_bias/output/reconstructions/bbmerge/gen_n_1000000_l_120_qs_-20_merged.fq, /home/projects/DNA_reconstruct/observed_merge_phred/check_bias/output/reconstructions/bbmerge/gen_n_1000000_l_120_qs_-30_merged.fq, /home/projects/DNA_reconstruct/observed_merge_phred/check_bias/output/reconstructions/fastp/gen_n_1000000_l_120_qs_0_merged.fq, /home/projects/DNA_reconstruct/observed_merge_phred/check_bias/output/reconstructions/fastp/gen_n_1000000_l_120_qs_-10_merged.fq, /home/projects/DNA_reconstruct/observed_merge_phred/check_bias/output/reconstructions/fastp/gen_n_1000000_l_120_qs_-20_merged.fq, /home/projects/DNA_reconstruct/observed_merge_phred/check_bias/output/reconstructions/fastp/gen_n_1000000_l_120_qs_-30_merged.fq, /home/projects/DNA_reconstruct/observed_merge_phred/check_bias/output/reconstructions/SeqPrep/gen_n_1000000_l_120_qs_0_merged.fq.gz, /home/projects/DNA_reconstruct/observed_merge_phred/check_bias/output/reconstructions/SeqPrep/gen_n_1000000_l_120_qs_-10_merged.fq.gz, /home/projects/DNA_reconstruct/observed_merge_phred/check_bias/output/reconstructions/SeqPrep/gen_n_1000000_l_120_qs_-20_merged.fq.gz, /home/projects/DNA_reconstruct/observed_merge_phred/check_bias/output/reconstructions/SeqPrep/gen_n_1000000_l_120_qs_-30_merged.fq.gz, /home/projects/DNA_reconstruct/observed_merge_phred/check_bias/output/evaluation/fastp/gen_n_1000000_l_120_qs_0.csv, /home/projects/DNA_reconstruct/observed_merge_phred/check_bias/output/evaluation/all_merged.csv
    jobid: 0

[Wed Nov 16 15:36:12 2022]
Finished job 0.
32 of 32 steps (100%) done
Complete log: /home/projects/DNA_reconstruct/observed_merge_phred/check_bias/.snakemake/log/2022-11-16T152936.865121.snakemake.log
