Building DAG of jobs...
Using shell: /usr/bin/bash
Provided cores: 20
Rules claiming more threads will be scaled down.
Job counts:
	count	jobs
	1	AdapterRemoval
	1	ClipAndMerge
	1	SeqPrep
	1	all
	1	bbmerge
	1	evaluate
	1	fastp
	1	leeHom
	1	merge_csv
	1	seqtk_adna_trim
	10

[Fri Oct 14 15:43:52 2022]
rule leeHom:
    input: /net/node07/home/projects/DNA_reconstruct/merge_quality/input/qscores_s1.fq.gz, /net/node07/home/projects/DNA_reconstruct/merge_quality/input/qscores_s2.fq.gz
    output: /net/node07/home/projects/DNA_reconstruct/merge_quality/output/reconstructions/leeHom/qscores_lh.fq.gz
    jobid: 3
    benchmark: /net/node07/home/projects/DNA_reconstruct/merge_quality/output/benchmarks/leeHom/qscores_lh.tsv

[Fri Oct 14 15:43:52 2022]
rule ClipAndMerge:
    input: /net/node07/home/projects/DNA_reconstruct/merge_quality/input/qscores_s1.fq.gz, /net/node07/home/projects/DNA_reconstruct/merge_quality/input/qscores_s2.fq.gz
    output: /net/node07/home/projects/DNA_reconstruct/merge_quality/output/reconstructions/ClipAndMerge/qscores_cm.fq
    jobid: 5
    benchmark: /net/node07/home/projects/DNA_reconstruct/merge_quality/output/benchmarks/ClipAndMerge/qscores_cm.tsv


[Fri Oct 14 15:43:52 2022]
rule SeqPrep:
    input: /net/node07/home/projects/DNA_reconstruct/merge_quality/input/qscores_s1.fq.gz, /net/node07/home/projects/DNA_reconstruct/merge_quality/input/qscores_s2.fq.gz
    output: /net/node07/home/projects/DNA_reconstruct/merge_quality/output/reconstructions/SeqPrep/qscores_sp.fq.gz
    jobid: 9
    benchmark: /net/node07/home/projects/DNA_reconstruct/merge_quality/output/benchmarks/SeqPrep/qscores_sp.tsv


[Fri Oct 14 15:43:52 2022]
rule bbmerge:
    input: /net/node07/home/projects/DNA_reconstruct/merge_quality/input/qscores_s1.fq.gz, /net/node07/home/projects/DNA_reconstruct/merge_quality/input/qscores_s2.fq.gz
    output: /net/node07/home/projects/DNA_reconstruct/merge_quality/output/reconstructions/bbmerge/qscores_bb.fq
    jobid: 7
    benchmark: /net/node07/home/projects/DNA_reconstruct/merge_quality/output/benchmarks/bbmerge/qscores_bb.tsv


[Fri Oct 14 15:43:52 2022]
rule seqtk_adna_trim:
    input: /net/node07/home/projects/DNA_reconstruct/merge_quality/input/qscores_s1.fq.gz, /net/node07/home/projects/DNA_reconstruct/merge_quality/input/qscores_s2.fq.gz
    output: /net/node07/home/projects/DNA_reconstruct/merge_quality/output/reconstructions/seqtk_adna_trim/qscores_at.fq
    jobid: 6
    benchmark: /net/node07/home/projects/DNA_reconstruct/merge_quality/output/benchmarks/seqtk_adna_trim/qscores_at.tsv


[Fri Oct 14 15:43:52 2022]
rule fastp:
    input: /net/node07/home/projects/DNA_reconstruct/merge_quality/input/qscores_s1.fq.gz, /net/node07/home/projects/DNA_reconstruct/merge_quality/input/qscores_s2.fq.gz
    output: /net/node07/home/projects/DNA_reconstruct/merge_quality/output/reconstructions/fastp/qscores_fp.fq
    jobid: 8
    benchmark: /net/node07/home/projects/DNA_reconstruct/merge_quality/output/benchmarks/fastp/qscores_fp.tsv


[Fri Oct 14 15:43:52 2022]
rule AdapterRemoval:
    input: /net/node07/home/projects/DNA_reconstruct/merge_quality/input/qscores_s1.fq.gz, /net/node07/home/projects/DNA_reconstruct/merge_quality/input/qscores_s2.fq.gz
    output: /net/node07/home/projects/DNA_reconstruct/merge_quality/output/reconstructions/AdapterRemoval/qscores_ar.collapsed
    jobid: 4
    benchmark: /net/node07/home/projects/DNA_reconstruct/merge_quality/output/benchmarks/AdapterRemoval/qscores_ar.tsv

[Fri Oct 14 15:43:52 2022]
Finished job 6.
1 of 10 steps (10%) done
[Fri Oct 14 15:43:53 2022]
Finished job 8.
2 of 10 steps (20%) done
[Fri Oct 14 15:43:53 2022]
Finished job 9.
3 of 10 steps (30%) done
[Fri Oct 14 15:43:53 2022]
Finished job 5.
4 of 10 steps (40%) done
[Fri Oct 14 15:43:54 2022]
Finished job 7.
5 of 10 steps (50%) done
[Fri Oct 14 15:43:55 2022]
Finished job 3.
6 of 10 steps (60%) done
Shutting down, this might take some time.
Exiting because a job execution failed. Look above for error message
Complete log: /net/node07/home/projects/DNA_reconstruct/merge_quality/.snakemake/log/2022-10-14T154351.786756.snakemake.log
