Building DAG of jobs...
Using shell: /usr/bin/bash
Provided cores: 16
Rules claiming more threads will be scaled down.
Job counts:
	count	jobs
	1	all
	1	merge_csv
	2

[Wed Sep 28 18:30:16 2022]
rule merge_csv:
    input: /net/node07/home/projects/DNA_reconstruct/qcScores/output/evaluation/leeHom_qcs.csv, /net/node07/home/projects/DNA_reconstruct/qcScores/output/evaluation/AdapterRemoval_qcs.csv, /net/node07/home/projects/DNA_reconstruct/qcScores/output/evaluation/ClipAndMerge_qcs.csv, /net/node07/home/projects/DNA_reconstruct/qcScores/output/evaluation/seqtk_adna_trim_qcs.csv, /net/node07/home/projects/DNA_reconstruct/qcScores/output/evaluation/bbmerge_qcs.csv, /net/node07/home/projects/DNA_reconstruct/qcScores/output/evaluation/fastp_qcs.csv, /net/node07/home/projects/DNA_reconstruct/qcScores/output/evaluation/SeqPrep_qcs.csv
    output: /net/node07/home/projects/DNA_reconstruct/qcScores/output/evaluation/all_qcs.csv
    jobid: 1

[Wed Sep 28 18:30:17 2022]
Finished job 1.
1 of 2 steps (50%) done

[Wed Sep 28 18:30:17 2022]
localrule all:
    input: /net/node07/home/projects/DNA_reconstruct/qcScores/output/evaluation/all_qcs.csv
    jobid: 0

[Wed Sep 28 18:30:17 2022]
Finished job 0.
2 of 2 steps (100%) done
Complete log: /net/node07/home/projects/DNA_reconstruct/qcScores/.snakemake/log/2022-09-28T183016.587300.snakemake.log
