Building DAG of jobs...
Using shell: /usr/bin/bash
Provided cores: 24
Rules claiming more threads will be scaled down.
Job counts:
	count	jobs
	1	AdapterRemoval
	1	all
	5	evaluate_unzipped
	2	evaluate_zipped
	1	merge_csv
	1	seqtk_adna_trim
	5	zip_reconstruction
	16

[Mon Oct 17 13:52:11 2022]
rule seqtk_adna_trim:
    input: /net/node07/home/projects/DNA_reconstruct/merge_quality/input/qscores_s1.fq.gz, /net/node07/home/projects/DNA_reconstruct/merge_quality/input/qscores_s2.fq.gz
    output: /net/node07/home/projects/DNA_reconstruct/merge_quality/output/reconstructions/seqtk_adna_trim/qscores_merged.fq
    jobid: 18
    benchmark: /net/node07/home/projects/DNA_reconstruct/merge_quality/output/benchmarks/seqtk_adna_trim/qscores_merged.tsv


[Mon Oct 17 13:52:11 2022]
rule zip_reconstruction:
    input: /net/node07/home/projects/DNA_reconstruct/merge_quality/output/reconstructions/fastp/qscores_merged.fq
    output: /net/node07/home/projects/DNA_reconstruct/merge_quality/output/reconstructions/fastp/qscores_merged.fq.gz
    jobid: 7
    wildcards: tool_name=fastp

[Mon Oct 17 13:52:11 2022]
rule evaluate_unzipped:
    input: /net/node07/home/projects/DNA_reconstruct/merge_quality/output/reconstructions/fastp/qscores_merged.fq
    output: /net/node07/home/projects/DNA_reconstruct/merge_quality/output/evaluation/fastp_qcs.csv
    jobid: 14
    wildcards: tool_name=fastp

[Mon Oct 17 13:52:11 2022]
rule AdapterRemoval:
    input: /net/node07/home/projects/DNA_reconstruct/merge_quality/input/qscores_s1.fq.gz, /net/node07/home/projects/DNA_reconstruct/merge_quality/input/qscores_s2.fq.gz
    output: /net/node07/home/projects/DNA_reconstruct/merge_quality/output/reconstructions/AdapterRemoval/qscores_merged.fq
    jobid: 16
    benchmark: /net/node07/home/projects/DNA_reconstruct/merge_quality/output/benchmarks/AdapterRemoval/qscores_merged.tsv

[Mon Oct 17 13:52:11 2022]
rule evaluate_zipped:
    input: /net/node07/home/projects/DNA_reconstruct/merge_quality/output/reconstructions/SeqPrep/qscores_merged.fq.gz
    output: /net/node07/home/projects/DNA_reconstruct/merge_quality/output/evaluation/SeqPrep_qcs.csv
    jobid: 15
    wildcards: tool_name=SeqPrep

[Mon Oct 17 13:52:12 2022]
[Mon Oct 17 13:52:12 2022]
rule evaluate_unzipped:
    input: /net/node07/home/projects/DNA_reconstruct/merge_quality/output/reconstructions/ClipAndMerge/qscores_merged.fq
    output: /net/node07/home/projects/DNA_reconstruct/merge_quality/output/evaluation/ClipAndMerge_qcs.csv
    jobid: 11
    wildcards: tool_name=ClipAndMerge
Finished job 18.

1 of 16 steps (6%) done

[Mon Oct 17 13:52:12 2022]
rule zip_reconstruction:
    input: /net/node07/home/projects/DNA_reconstruct/merge_quality/output/reconstructions/bbmerge/qscores_merged.fq
    output: /net/node07/home/projects/DNA_reconstruct/merge_quality/output/reconstructions/bbmerge/qscores_merged.fq.gz
    jobid: 6
    wildcards: tool_name=bbmerge

[Mon Oct 17 13:52:12 2022]
rule evaluate_unzipped:
    input: /net/node07/home/projects/DNA_reconstruct/merge_quality/output/reconstructions/bbmerge/qscores_merged.fq
    output: /net/node07/home/projects/DNA_reconstruct/merge_quality/output/evaluation/bbmerge_qcs.csv
    jobid: 13
    wildcards: tool_name=bbmerge

[Mon Oct 17 13:52:12 2022]
rule zip_reconstruction:
    input: /net/node07/home/projects/DNA_reconstruct/merge_quality/output/reconstructions/ClipAndMerge/qscores_merged.fq
    output: /net/node07/home/projects/DNA_reconstruct/merge_quality/output/reconstructions/ClipAndMerge/qscores_merged.fq.gz
    jobid: 4
    wildcards: tool_name=ClipAndMerge

[Mon Oct 17 13:52:12 2022]
rule evaluate_zipped:
    input: /net/node07/home/projects/DNA_reconstruct/merge_quality/output/reconstructions/leeHom/qscores_merged.fq.gz
    output: /net/node07/home/projects/DNA_reconstruct/merge_quality/output/evaluation/leeHom_qcs.csv
    jobid: 9
    wildcards: tool_name=leeHom

[Mon Oct 17 13:52:12 2022]
Finished job 7.
2 of 16 steps (12%) done
[Mon Oct 17 13:52:13 2022]
Finished job 6.
3 of 16 steps (19%) done
[Mon Oct 17 13:52:13 2022]
Finished job 4.
4 of 16 steps (25%) done
Shutting down, this might take some time.
Exiting because a job execution failed. Look above for error message
Complete log: /net/node07/home/projects/DNA_reconstruct/merge_quality/.snakemake/log/2022-10-17T135211.374194.snakemake.log
