Building DAG of jobs...
Using shell: /usr/bin/bash
Provided cores: 24
Rules claiming more threads will be scaled down.
Job counts:
	count	jobs
	1	AdapterRemoval
	1	ClipAndMerge
	1	SeqPrep
	1	all
	1	bbmerge
	5	evaluate_unzipped
	2	evaluate_zipped
	1	fastp
	1	leeHom
	1	merge_csv
	1	seqtk_adna_trim
	16

[Mon Oct 17 18:15:42 2022]
rule bbmerge:
    input: /net/node07/home/projects/DNA_reconstruct/merge_quality/input/qscores_s1.fq.gz, /net/node07/home/projects/DNA_reconstruct/merge_quality/input/qscores_s2.fq.gz
    output: /net/node07/home/projects/DNA_reconstruct/merge_quality/output/reconstructions/bbmerge/qscores_merged.fq, /net/node07/home/projects/DNA_reconstruct/merge_quality/output/reconstructions/bbmerge/qscores_unmerged_s1.fq, /net/node07/home/projects/DNA_reconstruct/merge_quality/output/reconstructions/bbmerge/qscores_unmerged_s2.fq
    jobid: 13
    benchmark: /net/node07/home/projects/DNA_reconstruct/merge_quality/output/benchmarks/bbmerge/qscores_merged.tsv


[Mon Oct 17 18:15:42 2022]
rule AdapterRemoval:
    input: /net/node07/home/projects/DNA_reconstruct/merge_quality/input/qscores_s1.fq.gz, /net/node07/home/projects/DNA_reconstruct/merge_quality/input/qscores_s2.fq.gz
    output: /net/node07/home/projects/DNA_reconstruct/merge_quality/output/reconstructions/AdapterRemoval/qscores_merged.fq
    jobid: 10
    benchmark: /net/node07/home/projects/DNA_reconstruct/merge_quality/output/benchmarks/AdapterRemoval/qscores_merged.tsv

[Mon Oct 17 18:15:42 2022]
rule seqtk_adna_trim:
    input: /net/node07/home/projects/DNA_reconstruct/merge_quality/input/qscores_s1.fq.gz, /net/node07/home/projects/DNA_reconstruct/merge_quality/input/qscores_s2.fq.gz
    output: /net/node07/home/projects/DNA_reconstruct/merge_quality/output/reconstructions/seqtk_adna_trim/qscores_merged.fq
    jobid: 12
    benchmark: /net/node07/home/projects/DNA_reconstruct/merge_quality/output/benchmarks/seqtk_adna_trim/qscores_merged.tsv


[Mon Oct 17 18:15:42 2022]
rule leeHom:
    input: /net/node07/home/projects/DNA_reconstruct/merge_quality/input/qscores_s1.fq.gz, /net/node07/home/projects/DNA_reconstruct/merge_quality/input/qscores_s2.fq.gz
    output: /net/node07/home/projects/DNA_reconstruct/merge_quality/output/reconstructions/leeHom/qscores_merged.fq.gz
    jobid: 9
    benchmark: /net/node07/home/projects/DNA_reconstruct/merge_quality/output/benchmarks/leeHom/qscores_merged.tsv

[Mon Oct 17 18:15:42 2022]
rule SeqPrep:
    input: /net/node07/home/projects/DNA_reconstruct/merge_quality/input/qscores_s1.fq.gz, /net/node07/home/projects/DNA_reconstruct/merge_quality/input/qscores_s2.fq.gz
    output: /net/node07/home/projects/DNA_reconstruct/merge_quality/output/reconstructions/SeqPrep/qscores_merged.fq.gz
    jobid: 15
    benchmark: /net/node07/home/projects/DNA_reconstruct/merge_quality/output/benchmarks/SeqPrep/qscores_merged.tsv


[Mon Oct 17 18:15:42 2022]
rule ClipAndMerge:
    input: /net/node07/home/projects/DNA_reconstruct/merge_quality/input/qscores_s1.fq.gz, /net/node07/home/projects/DNA_reconstruct/merge_quality/input/qscores_s2.fq.gz
    output: /net/node07/home/projects/DNA_reconstruct/merge_quality/output/reconstructions/ClipAndMerge/qscores_merged.fq
    jobid: 11
    benchmark: /net/node07/home/projects/DNA_reconstruct/merge_quality/output/benchmarks/ClipAndMerge/qscores_merged.tsv


[Mon Oct 17 18:15:42 2022]
rule fastp:
    input: /net/node07/home/projects/DNA_reconstruct/merge_quality/input/qscores_s1.fq.gz, /net/node07/home/projects/DNA_reconstruct/merge_quality/input/qscores_s2.fq.gz
    output: /net/node07/home/projects/DNA_reconstruct/merge_quality/output/reconstructions/fastp/qscores_merged.fq
    jobid: 14
    benchmark: /net/node07/home/projects/DNA_reconstruct/merge_quality/output/benchmarks/fastp/qscores_merged.tsv

[Mon Oct 17 18:15:43 2022]
Finished job 12.
1 of 16 steps (6%) done

[Mon Oct 17 18:15:43 2022]
rule evaluate_unzipped:
    input: /net/node07/home/projects/DNA_reconstruct/merge_quality/output/reconstructions/seqtk_adna_trim/qscores_merged.fq
    output: /net/node07/home/projects/DNA_reconstruct/merge_quality/output/evaluation/seqtk_adna_trim_qs.csv
    jobid: 5
    wildcards: tool_name=seqtk_adna_trim

[Mon Oct 17 18:15:43 2022]
Finished job 10.
2 of 16 steps (12%) done

[Mon Oct 17 18:15:43 2022]
rule evaluate_unzipped:
    input: /net/node07/home/projects/DNA_reconstruct/merge_quality/output/reconstructions/AdapterRemoval/qscores_merged.fq
    output: /net/node07/home/projects/DNA_reconstruct/merge_quality/output/evaluation/AdapterRemoval_qs.csv
    jobid: 3
    wildcards: tool_name=AdapterRemoval

[Mon Oct 17 18:15:44 2022]
Finished job 14.
3 of 16 steps (19%) done

[Mon Oct 17 18:15:44 2022]
rule evaluate_unzipped:
    input: /net/node07/home/projects/DNA_reconstruct/merge_quality/output/reconstructions/fastp/qscores_merged.fq
    output: /net/node07/home/projects/DNA_reconstruct/merge_quality/output/evaluation/fastp_qs.csv
    jobid: 7
    wildcards: tool_name=fastp

[Mon Oct 17 18:15:44 2022]
Finished job 13.
4 of 16 steps (25%) done
[Mon Oct 17 18:15:44 2022]
Finished job 15.
5 of 16 steps (31%) done
[Mon Oct 17 18:15:44 2022]
Finished job 11.
6 of 16 steps (38%) done

[Mon Oct 17 18:15:44 2022]
rule evaluate_zipped:
    input: /net/node07/home/projects/DNA_reconstruct/merge_quality/output/reconstructions/SeqPrep/qscores_merged.fq.gz
    output: /net/node07/home/projects/DNA_reconstruct/merge_quality/output/evaluation/SeqPrep_qs.csv
    jobid: 8
    wildcards: tool_name=SeqPrep

[Mon Oct 17 18:15:44 2022]
rule evaluate_unzipped:
    input: /net/node07/home/projects/DNA_reconstruct/merge_quality/output/reconstructions/ClipAndMerge/qscores_merged.fq
    output: /net/node07/home/projects/DNA_reconstruct/merge_quality/output/evaluation/ClipAndMerge_qs.csv
    jobid: 4
    wildcards: tool_name=ClipAndMerge

[Mon Oct 17 18:15:44 2022]
rule evaluate_unzipped:
    input: /net/node07/home/projects/DNA_reconstruct/merge_quality/output/reconstructions/bbmerge/qscores_merged.fq
    output: /net/node07/home/projects/DNA_reconstruct/merge_quality/output/evaluation/bbmerge_qs.csv
    jobid: 6
    wildcards: tool_name=bbmerge

[Mon Oct 17 18:15:45 2022]
Finished job 9.
7 of 16 steps (44%) done

[Mon Oct 17 18:15:45 2022]
rule evaluate_zipped:
    input: /net/node07/home/projects/DNA_reconstruct/merge_quality/output/reconstructions/leeHom/qscores_merged.fq.gz
    output: /net/node07/home/projects/DNA_reconstruct/merge_quality/output/evaluation/leeHom_qs.csv
    jobid: 2
    wildcards: tool_name=leeHom

[Mon Oct 17 18:15:54 2022]
Finished job 2.
8 of 16 steps (50%) done
[Mon Oct 17 18:15:54 2022]
Finished job 8.
9 of 16 steps (56%) done
[Mon Oct 17 18:15:54 2022]
Finished job 4.
10 of 16 steps (62%) done
[Mon Oct 17 18:15:54 2022]
Finished job 3.
11 of 16 steps (69%) done
[Mon Oct 17 18:15:54 2022]
Finished job 5.
12 of 16 steps (75%) done
[Mon Oct 17 18:15:54 2022]
Finished job 7.
13 of 16 steps (81%) done
[Mon Oct 17 18:15:54 2022]
Finished job 6.
14 of 16 steps (88%) done

[Mon Oct 17 18:15:54 2022]
rule merge_csv:
    input: /net/node07/home/projects/DNA_reconstruct/merge_quality/output/evaluation/leeHom_qs.csv, /net/node07/home/projects/DNA_reconstruct/merge_quality/output/evaluation/AdapterRemoval_qs.csv, /net/node07/home/projects/DNA_reconstruct/merge_quality/output/evaluation/ClipAndMerge_qs.csv, /net/node07/home/projects/DNA_reconstruct/merge_quality/output/evaluation/seqtk_adna_trim_qs.csv, /net/node07/home/projects/DNA_reconstruct/merge_quality/output/evaluation/bbmerge_qs.csv, /net/node07/home/projects/DNA_reconstruct/merge_quality/output/evaluation/fastp_qs.csv, /net/node07/home/projects/DNA_reconstruct/merge_quality/output/evaluation/SeqPrep_qs.csv
    output: /net/node07/home/projects/DNA_reconstruct/merge_quality/output/evaluation/all_qs.csv
    jobid: 1

[Mon Oct 17 18:15:54 2022]
Finished job 1.
15 of 16 steps (94%) done

[Mon Oct 17 18:15:54 2022]
localrule all:
    input: /net/node07/home/projects/DNA_reconstruct/merge_quality/output/evaluation/all_qs.csv
    jobid: 0

[Mon Oct 17 18:15:54 2022]
Finished job 0.
16 of 16 steps (100%) done
Complete log: /net/node07/home/projects/DNA_reconstruct/merge_quality/.snakemake/log/2022-10-17T181541.869255.snakemake.log
