Building DAG of jobs...
Using shell: /usr/bin/bash
Provided cores: 20
Rules claiming more threads will be scaled down.
Job counts:
	count	jobs
	1	all
	1	evaluate
	1	merge_csv
	3

[Fri Oct 14 17:41:28 2022]
rule evaluate:
    input: /net/node07/home/projects/DNA_reconstruct/merge_quality/output/reconstructions/leeHom/qscores_lh.fq.gz, /net/node07/home/projects/DNA_reconstruct/merge_quality/output/reconstructions/AdapterRemoval/qscores_ar.collapsed, /net/node07/home/projects/DNA_reconstruct/merge_quality/output/reconstructions/ClipAndMerge/qscores_cm.fq, /net/node07/home/projects/DNA_reconstruct/merge_quality/output/reconstructions/seqtk_adna_trim/qscores_at.fq, /net/node07/home/projects/DNA_reconstruct/merge_quality/output/reconstructions/bbmerge/qscores_bb.fq, /net/node07/home/projects/DNA_reconstruct/merge_quality/output/reconstructions/fastp/qscores_fp.fq, /net/node07/home/projects/DNA_reconstruct/merge_quality/output/reconstructions/SeqPrep/qscores_sp.fq.gz
    output: /net/node07/home/projects/DNA_reconstruct/merge_quality/output/evaluation/leeHom_qcs.csv, /net/node07/home/projects/DNA_reconstruct/merge_quality/output/evaluation/AdapterRemoval_qcs.csv, /net/node07/home/projects/DNA_reconstruct/merge_quality/output/evaluation/ClipAndMerge_qcs.csv, /net/node07/home/projects/DNA_reconstruct/merge_quality/output/evaluation/seqtk_adna_trim_qcs.csv, /net/node07/home/projects/DNA_reconstruct/merge_quality/output/evaluation/bbmerge_qcs.csv, /net/node07/home/projects/DNA_reconstruct/merge_quality/output/evaluation/fastp_qcs.csv, /net/node07/home/projects/DNA_reconstruct/merge_quality/output/evaluation/SeqPrep_qcs.csv
    jobid: 2

[Fri Oct 14 17:41:37 2022]
Finished job 2.
1 of 3 steps (33%) done

[Fri Oct 14 17:41:37 2022]
rule merge_csv:
    input: /net/node07/home/projects/DNA_reconstruct/merge_quality/output/evaluation/leeHom_qcs.csv, /net/node07/home/projects/DNA_reconstruct/merge_quality/output/evaluation/AdapterRemoval_qcs.csv, /net/node07/home/projects/DNA_reconstruct/merge_quality/output/evaluation/ClipAndMerge_qcs.csv, /net/node07/home/projects/DNA_reconstruct/merge_quality/output/evaluation/seqtk_adna_trim_qcs.csv, /net/node07/home/projects/DNA_reconstruct/merge_quality/output/evaluation/bbmerge_qcs.csv, /net/node07/home/projects/DNA_reconstruct/merge_quality/output/evaluation/fastp_qcs.csv, /net/node07/home/projects/DNA_reconstruct/merge_quality/output/evaluation/SeqPrep_qcs.csv
    output: /net/node07/home/projects/DNA_reconstruct/merge_quality/output/evaluation/all_qcs.csv
    jobid: 1

[Fri Oct 14 17:41:37 2022]
Error in rule merge_csv:
    jobid: 1
    output: /net/node07/home/projects/DNA_reconstruct/merge_quality/output/evaluation/all_qcs.csv
    shell:
        awk 'NR==1; FNR==1{next} 1' /net/node07/home/projects/DNA_reconstruct/merge_quality/output/evaluation*qcs.csv > /net/node07/home/projects/DNA_reconstruct/merge_quality/output/evaluationall_qcs.csv
        (one of the commands exited with non-zero exit code; note that snakemake uses bash strict mode!)

Shutting down, this might take some time.
Exiting because a job execution failed. Look above for error message
Complete log: /net/node07/home/projects/DNA_reconstruct/merge_quality/.snakemake/log/2022-10-14T174128.335211.snakemake.log
