Building DAG of jobs...
Using shell: /usr/bin/bash
Provided cores: 24
Rules claiming more threads will be scaled down.
Job counts:
	count	jobs
	1	AdapterRemoval
	1	ClipAndMerge
	1	SeqPrep
	1	all
	1	bbmerge
	5	evaluate_unzipped
	2	evaluate_zipped
	1	fastp
	1	leeHom
	1	merge_csv
	1	seqtk_adna_trim
	16

[Mon Oct 17 14:02:14 2022]
rule ClipAndMerge:
    input: /net/node07/home/projects/DNA_reconstruct/merge_quality/input/qscores_s1.fq.gz, /net/node07/home/projects/DNA_reconstruct/merge_quality/input/qscores_s2.fq.gz
    output: /net/node07/home/projects/DNA_reconstruct/merge_quality/output/reconstructions/ClipAndMerge/qscores_merged.fq
    jobid: 12
    benchmark: /net/node07/home/projects/DNA_reconstruct/merge_quality/output/benchmarks/ClipAndMerge/qscores_merged.tsv


[Mon Oct 17 14:02:14 2022]
rule fastp:
    input: /net/node07/home/projects/DNA_reconstruct/merge_quality/input/qscores_s1.fq.gz, /net/node07/home/projects/DNA_reconstruct/merge_quality/input/qscores_s2.fq.gz
    output: /net/node07/home/projects/DNA_reconstruct/merge_quality/output/reconstructions/fastp/qscores_merged.fq
    jobid: 15
    benchmark: /net/node07/home/projects/DNA_reconstruct/merge_quality/output/benchmarks/fastp/qscores_merged.tsv


[Mon Oct 17 14:02:14 2022]
rule bbmerge:
    input: /net/node07/home/projects/DNA_reconstruct/merge_quality/input/qscores_s1.fq.gz, /net/node07/home/projects/DNA_reconstruct/merge_quality/input/qscores_s2.fq.gz
    output: /net/node07/home/projects/DNA_reconstruct/merge_quality/output/reconstructions/bbmerge/qscores_merged.fq, /net/node07/home/projects/DNA_reconstruct/merge_quality/output/reconstructions/bbmerge/qscores_unmerged_s1.fq, /net/node07/home/projects/DNA_reconstruct/merge_quality/output/reconstructions/bbmerge/qscores_unmerged_s2.fq
    jobid: 14
    benchmark: /net/node07/home/projects/DNA_reconstruct/merge_quality/output/benchmarks/bbmerge/qscores_merged.tsv


[Mon Oct 17 14:02:14 2022]
rule seqtk_adna_trim:
    input: /net/node07/home/projects/DNA_reconstruct/merge_quality/input/qscores_s1.fq.gz, /net/node07/home/projects/DNA_reconstruct/merge_quality/input/qscores_s2.fq.gz
    output: /net/node07/home/projects/DNA_reconstruct/merge_quality/output/reconstructions/seqtk_adna_trim/qscores_merged.fq
    jobid: 13
    benchmark: /net/node07/home/projects/DNA_reconstruct/merge_quality/output/benchmarks/seqtk_adna_trim/qscores_merged.tsv


[Mon Oct 17 14:02:14 2022]
rule AdapterRemoval:
    input: /net/node07/home/projects/DNA_reconstruct/merge_quality/input/qscores_s1.fq.gz, /net/node07/home/projects/DNA_reconstruct/merge_quality/input/qscores_s2.fq.gz
    output: /net/node07/home/projects/DNA_reconstruct/merge_quality/output/reconstructions/AdapterRemoval/qscores_merged.fq
    jobid: 11
    benchmark: /net/node07/home/projects/DNA_reconstruct/merge_quality/output/benchmarks/AdapterRemoval/qscores_merged.tsv

[Mon Oct 17 14:02:14 2022]
rule SeqPrep:
    input: /net/node07/home/projects/DNA_reconstruct/merge_quality/input/qscores_s1.fq.gz, /net/node07/home/projects/DNA_reconstruct/merge_quality/input/qscores_s2.fq.gz
    output: /net/node07/home/projects/DNA_reconstruct/merge_quality/output/reconstructions/SeqPrep/qscores_merged.fq.gz
    jobid: 8
    benchmark: /net/node07/home/projects/DNA_reconstruct/merge_quality/output/benchmarks/SeqPrep/qscores_merged.tsv


[Mon Oct 17 14:02:14 2022]
rule leeHom:
    input: /net/node07/home/projects/DNA_reconstruct/merge_quality/input/qscores_s1.fq.gz, /net/node07/home/projects/DNA_reconstruct/merge_quality/input/qscores_s2.fq.gz
    output: /net/node07/home/projects/DNA_reconstruct/merge_quality/output/reconstructions/leeHom/qscores_merged.fq.gz
    jobid: 2
    benchmark: /net/node07/home/projects/DNA_reconstruct/merge_quality/output/benchmarks/leeHom/qscores_merged.tsv

[Mon Oct 17 14:02:15 2022]
Finished job 13.
1 of 16 steps (6%) done

[Mon Oct 17 14:02:15 2022]
rule evaluate_unzipped:
    input: /net/node07/home/projects/DNA_reconstruct/merge_quality/output/reconstructions/seqtk_adna_trim/qscores_merged.fq
    output: /net/node07/home/projects/DNA_reconstruct/merge_quality/output/evaluation/seqtk_adna_trim_qcs.csv, /net/node07/home/projects/DNA_reconstruct/merge_quality/output/reconstructions/seqtk_adna_trim/qscores_merged.fq.gz
    jobid: 5
    wildcards: tool_name=seqtk_adna_trim

[Mon Oct 17 14:02:15 2022]
Finished job 15.
2 of 16 steps (12%) done

[Mon Oct 17 14:02:15 2022]
rule evaluate_unzipped:
    input: /net/node07/home/projects/DNA_reconstruct/merge_quality/output/reconstructions/fastp/qscores_merged.fq
    output: /net/node07/home/projects/DNA_reconstruct/merge_quality/output/evaluation/fastp_qcs.csv, /net/node07/home/projects/DNA_reconstruct/merge_quality/output/reconstructions/fastp/qscores_merged.fq.gz
    jobid: 7
    wildcards: tool_name=fastp

[Mon Oct 17 14:02:16 2022]
Finished job 14.
3 of 16 steps (19%) done

[Mon Oct 17 14:02:16 2022]
rule evaluate_unzipped:
    input: /net/node07/home/projects/DNA_reconstruct/merge_quality/output/reconstructions/bbmerge/qscores_merged.fq
    output: /net/node07/home/projects/DNA_reconstruct/merge_quality/output/evaluation/bbmerge_qcs.csv, /net/node07/home/projects/DNA_reconstruct/merge_quality/output/reconstructions/bbmerge/qscores_merged.fq.gz
    jobid: 6
    wildcards: tool_name=bbmerge

[Mon Oct 17 14:02:16 2022]
Finished job 11.
4 of 16 steps (25%) done
[Mon Oct 17 14:02:16 2022]
Finished job 12.
5 of 16 steps (31%) done

[Mon Oct 17 14:02:16 2022]
rule evaluate_unzipped:
    input: /net/node07/home/projects/DNA_reconstruct/merge_quality/output/reconstructions/AdapterRemoval/qscores_merged.fq
    output: /net/node07/home/projects/DNA_reconstruct/merge_quality/output/evaluation/AdapterRemoval_qcs.csv, /net/node07/home/projects/DNA_reconstruct/merge_quality/output/reconstructions/AdapterRemoval/qscores_merged.fq.gz
    jobid: 3
    wildcards: tool_name=AdapterRemoval

[Mon Oct 17 14:02:16 2022]
rule evaluate_unzipped:
    input: /net/node07/home/projects/DNA_reconstruct/merge_quality/output/reconstructions/ClipAndMerge/qscores_merged.fq
    output: /net/node07/home/projects/DNA_reconstruct/merge_quality/output/evaluation/ClipAndMerge_qcs.csv, /net/node07/home/projects/DNA_reconstruct/merge_quality/output/reconstructions/ClipAndMerge/qscores_merged.fq.gz
    jobid: 4
    wildcards: tool_name=ClipAndMerge

[Mon Oct 17 14:02:16 2022]
Finished job 8.
6 of 16 steps (38%) done
[Mon Oct 17 14:02:18 2022]
Finished job 2.
7 of 16 steps (44%) done
Shutting down, this might take some time.
Exiting because a job execution failed. Look above for error message
Complete log: /net/node07/home/projects/DNA_reconstruct/merge_quality/.snakemake/log/2022-10-17T140214.088181.snakemake.log
