Building DAG of jobs...
Using shell: /usr/bin/bash
Provided cores: 16
Rules claiming more threads will be scaled down.
Job counts:
	count	jobs
	1	all
	1	evaluate_zipped
	1	leeHom
	1	merge_csv
	7	plot
	11

[Tue Oct 18 14:37:15 2022]
rule plot:
    input: /net/node07/home/projects/DNA_reconstruct/merge_quality/output/evaluation/AdapterRemoval_qs.csv
    output: /net/node07/home/projects/DNA_reconstruct/merge_quality/output/plots/AdapterRemoval_match.png, /net/node07/home/projects/DNA_reconstruct/merge_quality/output/plots/AdapterRemoval_mismatch.png
    jobid: 3
    wildcards: tool_name=AdapterRemoval

[Tue Oct 18 14:37:15 2022]
rule plot:
    input: /net/node07/home/projects/DNA_reconstruct/merge_quality/output/evaluation/SeqPrep_qs.csv
    output: /net/node07/home/projects/DNA_reconstruct/merge_quality/output/plots/SeqPrep_match.png, /net/node07/home/projects/DNA_reconstruct/merge_quality/output/plots/SeqPrep_mismatch.png
    jobid: 8
    wildcards: tool_name=SeqPrep

[Tue Oct 18 14:37:16 2022]
rule plot:
    input: /net/node07/home/projects/DNA_reconstruct/merge_quality/output/evaluation/ClipAndMerge_qs.csv
    output: /net/node07/home/projects/DNA_reconstruct/merge_quality/output/plots/ClipAndMerge_match.png, /net/node07/home/projects/DNA_reconstruct/merge_quality/output/plots/ClipAndMerge_mismatch.png
    jobid: 4
    wildcards: tool_name=ClipAndMerge

[Tue Oct 18 14:37:16 2022]
rule plot:
    input: /net/node07/home/projects/DNA_reconstruct/merge_quality/output/evaluation/fastp_qs.csv
    output: /net/node07/home/projects/DNA_reconstruct/merge_quality/output/plots/fastp_match.png, /net/node07/home/projects/DNA_reconstruct/merge_quality/output/plots/fastp_mismatch.png
    jobid: 7
    wildcards: tool_name=fastp

[Tue Oct 18 14:37:16 2022]
rule plot:
    input: /net/node07/home/projects/DNA_reconstruct/merge_quality/output/evaluation/seqtk_adna_trim_qs.csv
    output: /net/node07/home/projects/DNA_reconstruct/merge_quality/output/plots/seqtk_adna_trim_match.png, /net/node07/home/projects/DNA_reconstruct/merge_quality/output/plots/seqtk_adna_trim_mismatch.png
    jobid: 5
    wildcards: tool_name=seqtk_adna_trim

[Tue Oct 18 14:37:16 2022]
rule plot:
    input: /net/node07/home/projects/DNA_reconstruct/merge_quality/output/evaluation/bbmerge_qs.csv
    output: /net/node07/home/projects/DNA_reconstruct/merge_quality/output/plots/bbmerge_match.png, /net/node07/home/projects/DNA_reconstruct/merge_quality/output/plots/bbmerge_mismatch.png
    jobid: 6
    wildcards: tool_name=bbmerge

[Tue Oct 18 14:37:16 2022]
rule leeHom:
    input: /net/node07/home/projects/DNA_reconstruct/merge_quality/input/qscores_s1.fq.gz, /net/node07/home/projects/DNA_reconstruct/merge_quality/input/qscores_s2.fq.gz
    output: /net/node07/home/projects/DNA_reconstruct/merge_quality/output/reconstructions/leeHom/qscores_merged.fq.gz
    jobid: 16
    benchmark: /net/node07/home/projects/DNA_reconstruct/merge_quality/output/benchmarks/leeHom/qscores_merged.tsv

[Tue Oct 18 14:37:20 2022]
Finished job 16.
1 of 11 steps (9%) done

[Tue Oct 18 14:37:20 2022]
rule evaluate_zipped:
    input: /net/node07/home/projects/DNA_reconstruct/merge_quality/output/reconstructions/leeHom/qscores_merged.fq.gz
    output: /net/node07/home/projects/DNA_reconstruct/merge_quality/output/evaluation/leeHom_qs.csv
    jobid: 9
    wildcards: tool_name=leeHom

[Tue Oct 18 14:37:28 2022]
Finished job 9.
2 of 11 steps (18%) done
Shutting down, this might take some time.
Exiting because a job execution failed. Look above for error message
Complete log: /net/node07/home/projects/DNA_reconstruct/merge_quality/.snakemake/log/2022-10-18T143715.423357.snakemake.log
