Building DAG of jobs...
Using shell: /usr/bin/bash
Provided cores: 20
Rules claiming more threads will be scaled down.
Job counts:
	count	jobs
	1	AdapterRemoval
	1	ClipAndMerge
	1	SeqPrep
	1	all
	1	bbmerge
	1	evaluate
	1	fastp
	1	leeHom
	1	merge_csv
	1	seqtk_adna_trim
	10

[Fri Oct 14 17:31:44 2022]
rule SeqPrep:
    input: /net/node07/home/projects/DNA_reconstruct/merge_quality/input/qscores_s1.fq.gz, /net/node07/home/projects/DNA_reconstruct/merge_quality/input/qscores_s1.fq.gz
    output: /net/node07/home/projects/DNA_reconstruct/merge_quality/output/reconstructions/SeqPrep/qscores_sp.fq.gz
    jobid: 9
    benchmark: /net/node07/home/projects/DNA_reconstruct/merge_quality/output/benchmarks/SeqPrep/qscores_sp.tsv


[Fri Oct 14 17:31:44 2022]
rule ClipAndMerge:
    input: /net/node07/home/projects/DNA_reconstruct/merge_quality/input/qscores_s1.fq.gz, /net/node07/home/projects/DNA_reconstruct/merge_quality/input/qscores_s1.fq.gz
    output: /net/node07/home/projects/DNA_reconstruct/merge_quality/output/reconstructions/ClipAndMerge/qscores_cm.fq
    jobid: 5
    benchmark: /net/node07/home/projects/DNA_reconstruct/merge_quality/output/benchmarks/ClipAndMerge/qscores_cm.tsv


[Fri Oct 14 17:31:44 2022]
rule bbmerge:
    input: /net/node07/home/projects/DNA_reconstruct/merge_quality/input/qscores_s1.fq.gz, /net/node07/home/projects/DNA_reconstruct/merge_quality/input/qscores_s1.fq.gz
    output: /net/node07/home/projects/DNA_reconstruct/merge_quality/output/reconstructions/bbmerge/qscores_bb.fq, /net/node07/home/projects/DNA_reconstruct/merge_quality/output/reconstructions/bbmerge/qscores_pe1_bb.fq, /net/node07/home/projects/DNA_reconstruct/merge_quality/output/reconstructions/bbmerge/qscores_pe2_bb.fq
    jobid: 7
    benchmark: /net/node07/home/projects/DNA_reconstruct/merge_quality/output/benchmarks/bbmerge/qscores_bb.tsv


[Fri Oct 14 17:31:44 2022]
rule leeHom:
    input: /net/node07/home/projects/DNA_reconstruct/merge_quality/input/qscores_s1.fq.gz, /net/node07/home/projects/DNA_reconstruct/merge_quality/input/qscores_s1.fq.gz
    output: /net/node07/home/projects/DNA_reconstruct/merge_quality/output/reconstructions/leeHom/qscores_lh.fq.gz
    jobid: 3
    benchmark: /net/node07/home/projects/DNA_reconstruct/merge_quality/output/benchmarks/leeHom/qscores_lh.tsv

[Fri Oct 14 17:31:44 2022]
rule AdapterRemoval:
    input: /net/node07/home/projects/DNA_reconstruct/merge_quality/input/qscores_s1.fq.gz, /net/node07/home/projects/DNA_reconstruct/merge_quality/input/qscores_s1.fq.gz
    output: /net/node07/home/projects/DNA_reconstruct/merge_quality/output/reconstructions/AdapterRemoval/qscores_ar.collapsed
    jobid: 4
    benchmark: /net/node07/home/projects/DNA_reconstruct/merge_quality/output/benchmarks/AdapterRemoval/qscores_ar.tsv

[Fri Oct 14 17:31:45 2022]
rule seqtk_adna_trim:
    input: /net/node07/home/projects/DNA_reconstruct/merge_quality/input/qscores_s1.fq.gz, /net/node07/home/projects/DNA_reconstruct/merge_quality/input/qscores_s1.fq.gz
    output: /net/node07/home/projects/DNA_reconstruct/merge_quality/output/reconstructions/seqtk_adna_trim/qscores_at.fq
    jobid: 6
    benchmark: /net/node07/home/projects/DNA_reconstruct/merge_quality/output/benchmarks/seqtk_adna_trim/qscores_at.tsv


[Fri Oct 14 17:31:45 2022]
rule fastp:
    input: /net/node07/home/projects/DNA_reconstruct/merge_quality/input/qscores_s1.fq.gz, /net/node07/home/projects/DNA_reconstruct/merge_quality/input/qscores_s1.fq.gz
    output: /net/node07/home/projects/DNA_reconstruct/merge_quality/output/reconstructions/fastp/qscores_fp.fq
    jobid: 8
    benchmark: /net/node07/home/projects/DNA_reconstruct/merge_quality/output/benchmarks/fastp/qscores_fp.tsv

[Fri Oct 14 17:31:45 2022]
Error in rule bbmerge:
    jobid: 7
    output: /net/node07/home/projects/DNA_reconstruct/merge_quality/output/reconstructions/bbmerge/qscores_bb.fq, /net/node07/home/projects/DNA_reconstruct/merge_quality/output/reconstructions/bbmerge/qscores_pe1_bb.fq, /net/node07/home/projects/DNA_reconstruct/merge_quality/output/reconstructions/bbmerge/qscores_pe2_bb.fq
    shell:
        /home/ctools/bbmap_38_91/bbmerge.sh in1=/net/node07/home/projects/DNA_reconstruct/merge_quality/input/qscores_s1.fq.gz in2=/net/node07/home/projects/DNA_reconstruct/merge_quality/input/qscores_s1.fq.gz out=/net/node07/home/projects/DNA_reconstruct/merge_quality/output/reconstructions/bbmerge/qscores_bb.fq outu1=/net/node07/home/projects/DNA_reconstruct/merge_quality/output/reconstructions/bbmerge/qscores_pe1_bb.fq outu2=/net/node07/home/projects/DNA_reconstruct/merge_quality/output/reconstructions/bbmerge/qscores_pe2_bb.fq adapter=/home/projects/DNA_reconstruct/gabrieldir/adapters.fa t=1 mininsert=1 mininsert0=1 minoverlap=10 k=10
        (one of the commands exited with non-zero exit code; note that snakemake uses bash strict mode!)

[Fri Oct 14 17:31:45 2022]
Finished job 6.
1 of 10 steps (10%) done
[Fri Oct 14 17:31:45 2022]
Finished job 9.
2 of 10 steps (20%) done
[Fri Oct 14 17:31:45 2022]
Finished job 5.
3 of 10 steps (30%) done
[Fri Oct 14 17:31:45 2022]
Finished job 8.
4 of 10 steps (40%) done
Shutting down, this might take some time.
Exiting because a job execution failed. Look above for error message
Complete log: /net/node07/home/projects/DNA_reconstruct/merge_quality/.snakemake/log/2022-10-14T173144.316257.snakemake.log
