Building DAG of jobs...
Using shell: /usr/bin/bash
Provided cores: 16
Rules claiming more threads will be scaled down.
Job counts:
	count	jobs
	1	AdapterRemoval
	1	ClipAndMerge
	1	SeqPrep
	1	all
	1	bbmerge
	1	evaluate
	1	fastp
	1	leeHom
	1	merge_csv
	1	seqtk_adna_trim
	10

[Wed Sep 28 18:28:08 2022]
rule SeqPrep:
    input: /home/projects/DNA_reconstruct/gabrieldir/qcScores/qcscores_s1.fq.gz, /home/projects/DNA_reconstruct/gabrieldir/qcScores/qcscores_s2.fq.gz
    output: /net/node07/home/projects/DNA_reconstruct/qcScores/output/reconstructions/SeqPrep/qcscores_sp.fq.gz
    jobid: 9
    benchmark: /net/node07/home/projects/DNA_reconstruct/qcScores/output/benchmarks/SeqPrep/qcscores_sp.tsv

RuleException in line 214 of /net/node07/home/projects/DNA_reconstruct/qcScores/snakefile:
'OutputFiles' object has no attribute 'm'
