Building DAG of jobs...
Using shell: /usr/bin/bash
Provided cores: 24
Rules claiming more threads will be scaled down.
Job counts:
	count	jobs
	1	AdapterRemoval
	1	ClipAndMerge
	1	SeqPrep
	1	all
	5	evaluate_unzipped
	2	evaluate_zipped
	1	fastp
	1	leeHom
	1	merge_csv
	1	seqtk_adna_trim
	15

[Mon Oct 17 14:56:56 2022]
rule leeHom:
    input: /net/node07/home/projects/DNA_reconstruct/merge_quality/input/qscores_s1.fq.gz, /net/node07/home/projects/DNA_reconstruct/merge_quality/input/qscores_s2.fq.gz
    output: /net/node07/home/projects/DNA_reconstruct/merge_quality/output/reconstructions/leeHom/qscores_merged.fq.gz
    jobid: 9
    benchmark: /net/node07/home/projects/DNA_reconstruct/merge_quality/output/benchmarks/leeHom/qscores_merged.tsv

[Mon Oct 17 14:56:56 2022]
rule fastp:
    input: /net/node07/home/projects/DNA_reconstruct/merge_quality/input/qscores_s1.fq.gz, /net/node07/home/projects/DNA_reconstruct/merge_quality/input/qscores_s2.fq.gz
    output: /net/node07/home/projects/DNA_reconstruct/merge_quality/output/reconstructions/fastp/qscores_merged.fq
    jobid: 14
    benchmark: /net/node07/home/projects/DNA_reconstruct/merge_quality/output/benchmarks/fastp/qscores_merged.tsv


[Mon Oct 17 14:56:56 2022]
rule AdapterRemoval:
    input: /net/node07/home/projects/DNA_reconstruct/merge_quality/input/qscores_s1.fq.gz, /net/node07/home/projects/DNA_reconstruct/merge_quality/input/qscores_s2.fq.gz
    output: /net/node07/home/projects/DNA_reconstruct/merge_quality/output/reconstructions/AdapterRemoval/qscores_merged.fq
    jobid: 10
    benchmark: /net/node07/home/projects/DNA_reconstruct/merge_quality/output/benchmarks/AdapterRemoval/qscores_merged.tsv

[Mon Oct 17 14:56:56 2022]
rule SeqPrep:
    input: /net/node07/home/projects/DNA_reconstruct/merge_quality/input/qscores_s1.fq.gz, /net/node07/home/projects/DNA_reconstruct/merge_quality/input/qscores_s2.fq.gz
    output: /net/node07/home/projects/DNA_reconstruct/merge_quality/output/reconstructions/SeqPrep/qscores_merged.fq.gz
    jobid: 15
    benchmark: /net/node07/home/projects/DNA_reconstruct/merge_quality/output/benchmarks/SeqPrep/qscores_merged.tsv


[Mon Oct 17 14:56:57 2022]
rule ClipAndMerge:
    input: /net/node07/home/projects/DNA_reconstruct/merge_quality/input/qscores_s1.fq.gz, /net/node07/home/projects/DNA_reconstruct/merge_quality/input/qscores_s2.fq.gz
    output: /net/node07/home/projects/DNA_reconstruct/merge_quality/output/reconstructions/ClipAndMerge/qscores_merged.fq
    jobid: 11
    benchmark: /net/node07/home/projects/DNA_reconstruct/merge_quality/output/benchmarks/ClipAndMerge/qscores_merged.tsv


[Mon Oct 17 14:56:57 2022]
rule evaluate_unzipped:
    input: /net/node07/home/projects/DNA_reconstruct/merge_quality/output/reconstructions/bbmerge/qscores_merged.fq
    output: /net/node07/home/projects/DNA_reconstruct/merge_quality/output/evaluation/bbmerge_qcs.csv
    jobid: 6
    wildcards: tool_name=bbmerge

[Mon Oct 17 14:56:57 2022]
rule seqtk_adna_trim:
    input: /net/node07/home/projects/DNA_reconstruct/merge_quality/input/qscores_s1.fq.gz, /net/node07/home/projects/DNA_reconstruct/merge_quality/input/qscores_s2.fq.gz
    output: /net/node07/home/projects/DNA_reconstruct/merge_quality/output/reconstructions/seqtk_adna_trim/qscores_merged.fq
    jobid: 12
    benchmark: /net/node07/home/projects/DNA_reconstruct/merge_quality/output/benchmarks/seqtk_adna_trim/qscores_merged.tsv

[Mon Oct 17 14:56:57 2022]
Finished job 12.
1 of 15 steps (7%) done
[Mon Oct 17 14:56:58 2022]
Finished job 14.
2 of 15 steps (13%) done

[Mon Oct 17 14:56:58 2022]
rule evaluate_unzipped:
    input: /net/node07/home/projects/DNA_reconstruct/merge_quality/output/reconstructions/seqtk_adna_trim/qscores_merged.fq
    output: /net/node07/home/projects/DNA_reconstruct/merge_quality/output/evaluation/seqtk_adna_trim_qcs.csv
    jobid: 5
    wildcards: tool_name=seqtk_adna_trim

[Mon Oct 17 14:56:58 2022]
rule evaluate_unzipped:
    input: /net/node07/home/projects/DNA_reconstruct/merge_quality/output/reconstructions/fastp/qscores_merged.fq
    output: /net/node07/home/projects/DNA_reconstruct/merge_quality/output/evaluation/fastp_qcs.csv
    jobid: 7
    wildcards: tool_name=fastp

[Mon Oct 17 14:56:58 2022]
Finished job 10.
3 of 15 steps (20%) done

[Mon Oct 17 14:56:58 2022]
rule evaluate_unzipped:
    input: /net/node07/home/projects/DNA_reconstruct/merge_quality/output/reconstructions/AdapterRemoval/qscores_merged.fq
    output: /net/node07/home/projects/DNA_reconstruct/merge_quality/output/evaluation/AdapterRemoval_qcs.csv
    jobid: 3
    wildcards: tool_name=AdapterRemoval

[Mon Oct 17 14:56:58 2022]
Finished job 11.
4 of 15 steps (27%) done

[Mon Oct 17 14:56:58 2022]
rule evaluate_unzipped:
    input: /net/node07/home/projects/DNA_reconstruct/merge_quality/output/reconstructions/ClipAndMerge/qscores_merged.fq
    output: /net/node07/home/projects/DNA_reconstruct/merge_quality/output/evaluation/ClipAndMerge_qcs.csv
    jobid: 4
    wildcards: tool_name=ClipAndMerge

[Mon Oct 17 14:56:59 2022]
Finished job 15.
5 of 15 steps (33%) done

[Mon Oct 17 14:56:59 2022]
rule evaluate_zipped:
    input: /net/node07/home/projects/DNA_reconstruct/merge_quality/output/reconstructions/SeqPrep/qscores_merged.fq.gz
    output: /net/node07/home/projects/DNA_reconstruct/merge_quality/output/evaluation/SeqPrep_qcs.csv
    jobid: 8
    wildcards: tool_name=SeqPrep

[Mon Oct 17 14:57:00 2022]
Finished job 9.
6 of 15 steps (40%) done

[Mon Oct 17 14:57:00 2022]
rule evaluate_zipped:
    input: /net/node07/home/projects/DNA_reconstruct/merge_quality/output/reconstructions/leeHom/qscores_merged.fq.gz
    output: /net/node07/home/projects/DNA_reconstruct/merge_quality/output/evaluation/leeHom_qcs.csv
    jobid: 2
    wildcards: tool_name=leeHom

[Mon Oct 17 14:57:00 2022]
Finished job 7.
7 of 15 steps (47%) done
[Mon Oct 17 14:57:00 2022]
Finished job 3.
8 of 15 steps (53%) done
[Mon Oct 17 14:57:00 2022]
Finished job 5.
9 of 15 steps (60%) done
[Mon Oct 17 14:57:01 2022]
Finished job 8.
10 of 15 steps (67%) done
[Mon Oct 17 14:57:01 2022]
Finished job 4.
11 of 15 steps (73%) done
[Mon Oct 17 14:57:01 2022]
Finished job 6.
12 of 15 steps (80%) done
[Mon Oct 17 14:57:02 2022]
Finished job 2.
13 of 15 steps (87%) done

[Mon Oct 17 14:57:02 2022]
rule merge_csv:
    input: /net/node07/home/projects/DNA_reconstruct/merge_quality/output/evaluation/leeHom_qcs.csv, /net/node07/home/projects/DNA_reconstruct/merge_quality/output/evaluation/AdapterRemoval_qcs.csv, /net/node07/home/projects/DNA_reconstruct/merge_quality/output/evaluation/ClipAndMerge_qcs.csv, /net/node07/home/projects/DNA_reconstruct/merge_quality/output/evaluation/seqtk_adna_trim_qcs.csv, /net/node07/home/projects/DNA_reconstruct/merge_quality/output/evaluation/bbmerge_qcs.csv, /net/node07/home/projects/DNA_reconstruct/merge_quality/output/evaluation/fastp_qcs.csv, /net/node07/home/projects/DNA_reconstruct/merge_quality/output/evaluation/SeqPrep_qcs.csv
    output: /net/node07/home/projects/DNA_reconstruct/merge_quality/output/evaluation/all_qcs.csv
    jobid: 1

[Mon Oct 17 14:57:02 2022]
Finished job 1.
14 of 15 steps (93%) done

[Mon Oct 17 14:57:02 2022]
localrule all:
    input: /net/node07/home/projects/DNA_reconstruct/merge_quality/output/evaluation/all_qcs.csv
    jobid: 0

[Mon Oct 17 14:57:02 2022]
Finished job 0.
15 of 15 steps (100%) done
Complete log: /net/node07/home/projects/DNA_reconstruct/merge_quality/.snakemake/log/2022-10-17T145656.493114.snakemake.log
