Building DAG of jobs...
Using shell: /usr/bin/bash
Provided cores: 16
Rules claiming more threads will be scaled down.
Job counts:
	count	jobs
	1	all
	1	evaluate
	1	merge_csv
	3

[Thu Oct  6 20:15:30 2022]
rule evaluate:
    input: /net/node07/home/projects/DNA_reconstruct/qcScores/output/reconstructions/leeHom/qcscores_lh.fq.gz, /net/node07/home/projects/DNA_reconstruct/qcScores/output/reconstructions/AdapterRemoval/qcscores_ar.collapsed, /net/node07/home/projects/DNA_reconstruct/qcScores/output/reconstructions/ClipAndMerge/qcscores_cm.fq, /net/node07/home/projects/DNA_reconstruct/qcScores/output/reconstructions/seqtk_adna_trim/qcscores_at.fq, /net/node07/home/projects/DNA_reconstruct/qcScores/output/reconstructions/bbmerge/qcscores_bb.fq, /net/node07/home/projects/DNA_reconstruct/qcScores/output/reconstructions/fastp/qcscores_fp.fq, /net/node07/home/projects/DNA_reconstruct/qcScores/output/reconstructions/SeqPrep/qcscores_sp.fq.gz
    output: /net/node07/home/projects/DNA_reconstruct/qcScores/output/evaluation/leeHom_qcs.csv, /net/node07/home/projects/DNA_reconstruct/qcScores/output/evaluation/AdapterRemoval_qcs.csv, /net/node07/home/projects/DNA_reconstruct/qcScores/output/evaluation/ClipAndMerge_qcs.csv, /net/node07/home/projects/DNA_reconstruct/qcScores/output/evaluation/seqtk_adna_trim_qcs.csv, /net/node07/home/projects/DNA_reconstruct/qcScores/output/evaluation/bbmerge_qcs.csv, /net/node07/home/projects/DNA_reconstruct/qcScores/output/evaluation/fastp_qcs.csv, /net/node07/home/projects/DNA_reconstruct/qcScores/output/evaluation/SeqPrep_qcs.csv
    jobid: 2

[Thu Oct  6 20:15:44 2022]
Finished job 2.
1 of 3 steps (33%) done

[Thu Oct  6 20:15:44 2022]
rule merge_csv:
    input: /net/node07/home/projects/DNA_reconstruct/qcScores/output/evaluation/leeHom_qcs.csv, /net/node07/home/projects/DNA_reconstruct/qcScores/output/evaluation/AdapterRemoval_qcs.csv, /net/node07/home/projects/DNA_reconstruct/qcScores/output/evaluation/ClipAndMerge_qcs.csv, /net/node07/home/projects/DNA_reconstruct/qcScores/output/evaluation/seqtk_adna_trim_qcs.csv, /net/node07/home/projects/DNA_reconstruct/qcScores/output/evaluation/bbmerge_qcs.csv, /net/node07/home/projects/DNA_reconstruct/qcScores/output/evaluation/fastp_qcs.csv, /net/node07/home/projects/DNA_reconstruct/qcScores/output/evaluation/SeqPrep_qcs.csv
    output: /net/node07/home/projects/DNA_reconstruct/qcScores/output/evaluation/all_qcs.csv
    jobid: 1

[Thu Oct  6 20:15:44 2022]
Finished job 1.
2 of 3 steps (67%) done

[Thu Oct  6 20:15:44 2022]
localrule all:
    input: /net/node07/home/projects/DNA_reconstruct/qcScores/output/evaluation/all_qcs.csv
    jobid: 0

[Thu Oct  6 20:15:44 2022]
Finished job 0.
3 of 3 steps (100%) done
Complete log: /net/node07/home/projects/DNA_reconstruct/qcScores/.snakemake/log/2022-10-06T201530.007708.snakemake.log
