Building DAG of jobs...
Using shell: /usr/bin/bash
Provided cores: 16
Rules claiming more threads will be scaled down.
Job counts:
	count	jobs
	1	all
	1	evaluate
	1	merge_csv
	3

[Wed Sep 28 18:29:09 2022]
rule evaluate:
    input: /net/node07/home/projects/DNA_reconstruct/qcScores/output/reconstructions/leeHom/qcscores_lh.fq.gz, /net/node07/home/projects/DNA_reconstruct/qcScores/output/reconstructions/AdapterRemoval/qcscores_ar.collapsed, /net/node07/home/projects/DNA_reconstruct/qcScores/output/reconstructions/ClipAndMerge/qcscores_cm.fq, /net/node07/home/projects/DNA_reconstruct/qcScores/output/reconstructions/seqtk_adna_trim/qcscores_at.fq, /net/node07/home/projects/DNA_reconstruct/qcScores/output/reconstructions/bbmerge/qcscores_bb.fq, /net/node07/home/projects/DNA_reconstruct/qcScores/output/reconstructions/fastp/qcscores_fp.fq, /net/node07/home/projects/DNA_reconstruct/qcScores/output/reconstructions/SeqPrep/qcscores_sp.fq.gz
    output: /net/node07/home/projects/DNA_reconstruct/qcScores/output/evaluation/leeHom_qcs.csv, /net/node07/home/projects/DNA_reconstruct/qcScores/output/evaluation/AdapterRemoval_qcs.csv, /net/node07/home/projects/DNA_reconstruct/qcScores/output/evaluation/ClipAndMerge_qcs.csv, /net/node07/home/projects/DNA_reconstruct/qcScores/output/evaluation/seqtk_adna_trim_qcs.csv, /net/node07/home/projects/DNA_reconstruct/qcScores/output/evaluation/bbmerge_qcs.csv, /net/node07/home/projects/DNA_reconstruct/qcScores/output/evaluation/fastp_qcs.csv, /net/node07/home/projects/DNA_reconstruct/qcScores/output/evaluation/SeqPrep_qcs.csv
    jobid: 2

[Wed Sep 28 18:29:17 2022]
Finished job 2.
1 of 3 steps (33%) done

[Wed Sep 28 18:29:17 2022]
rule merge_csv:
    input: /net/node07/home/projects/DNA_reconstruct/qcScores/output/evaluation/leeHom_qcs.csv, /net/node07/home/projects/DNA_reconstruct/qcScores/output/evaluation/AdapterRemoval_qcs.csv, /net/node07/home/projects/DNA_reconstruct/qcScores/output/evaluation/ClipAndMerge_qcs.csv, /net/node07/home/projects/DNA_reconstruct/qcScores/output/evaluation/seqtk_adna_trim_qcs.csv, /net/node07/home/projects/DNA_reconstruct/qcScores/output/evaluation/bbmerge_qcs.csv, /net/node07/home/projects/DNA_reconstruct/qcScores/output/evaluation/fastp_qcs.csv, /net/node07/home/projects/DNA_reconstruct/qcScores/output/evaluation/SeqPrep_qcs.csv
    output: /net/node07/home/projects/DNA_reconstruct/qcScores/output/evaluation/all_qcs.csv
    jobid: 1

RuleException in line 329 of /net/node07/home/projects/DNA_reconstruct/qcScores/snakefile:
NameError: The name 'next' is unknown in this context. Please make sure that you defined that variable. Also note that braces not used for variable access have to be escaped by repeating them, i.e. {{print $1}}
