Building DAG of jobs...
Using shell: /usr/bin/bash
Provided cores: 16
Rules claiming more threads will be scaled down.
Job counts:
	count	jobs
	4	AdapterRemoval
	4	ClipAndMerge
	4	SeqPrep
	1	add_adapters
	1	all
	4	bbmerge
	20	evaluate_unzipped
	8	evaluate_zipped
	4	fastp
	4	leeHom
	1	merge_csv
	4	seqtk_adna_trim
	1	simulate_fragments
	4	simulate_reads
	64

[Tue Oct 18 23:27:22 2022]
rule simulate_fragments:
    input: /home/databases/genomes/Homo_sapiens/CHM13_T2T/CHM13_T2T.fa
    output: /net/node07/home/projects/DNA_reconstruct/empiric_merge_quality/output/simulations/gen_n10000000_l120.fa
    jobid: 30
    benchmark: /net/node07/home/projects/DNA_reconstruct/empiric_merge_quality/output/benchmarks/simulations/gen_n10000000_l120.tsv
    wildcards: n=10000000, l=120

[Tue Oct 18 23:29:24 2022]
Finished job 30.
1 of 64 steps (2%) done

[Tue Oct 18 23:29:24 2022]
rule add_adapters:
    input: /net/node07/home/projects/DNA_reconstruct/empiric_merge_quality/output/simulations/gen_n10000000_l120.fa
    output: /net/node07/home/projects/DNA_reconstruct/empiric_merge_quality/output/simulations/gen_n10000000_l120_adpt.fa
    jobid: 63
    benchmark: /net/node07/home/projects/DNA_reconstruct/empiric_merge_quality/output/benchmarks/simulations/gen_n10000000_l120_adpt.tsv
    wildcards: n=10000000, l=120

[Tue Oct 18 23:31:17 2022]
Finished job 63.
2 of 64 steps (3%) done

[Tue Oct 18 23:31:17 2022]
rule simulate_reads:
    input: /net/node07/home/projects/DNA_reconstruct/empiric_merge_quality/output/simulations/gen_n10000000_l120_adpt.fa
    output: /net/node07/home/projects/DNA_reconstruct/empiric_merge_quality/output/simulations/gen_n10000000_l120_qs0_s1.fq, /net/node07/home/projects/DNA_reconstruct/empiric_merge_quality/output/simulations/gen_n10000000_l120_qs0_s2.fq
    jobid: 59
    benchmark: /net/node07/home/projects/DNA_reconstruct/empiric_merge_quality/output/benchmarks/simulations/gen_n10000000_l120_qs0_reads.tsv
    wildcards: n=10000000, l=120, qs=0

[Tue Oct 18 23:31:17 2022]
rule simulate_reads:
    input: /net/node07/home/projects/DNA_reconstruct/empiric_merge_quality/output/simulations/gen_n10000000_l120_adpt.fa
    output: /net/node07/home/projects/DNA_reconstruct/empiric_merge_quality/output/simulations/gen_n10000000_l120_qs-30_s1.fq, /net/node07/home/projects/DNA_reconstruct/empiric_merge_quality/output/simulations/gen_n10000000_l120_qs-30_s2.fq
    jobid: 62
    benchmark: /net/node07/home/projects/DNA_reconstruct/empiric_merge_quality/output/benchmarks/simulations/gen_n10000000_l120_qs-30_reads.tsv
    wildcards: n=10000000, l=120, qs=-30

[Tue Oct 18 23:31:18 2022]
rule simulate_reads:
    input: /net/node07/home/projects/DNA_reconstruct/empiric_merge_quality/output/simulations/gen_n10000000_l120_adpt.fa
    output: /net/node07/home/projects/DNA_reconstruct/empiric_merge_quality/output/simulations/gen_n10000000_l120_qs-20_s1.fq, /net/node07/home/projects/DNA_reconstruct/empiric_merge_quality/output/simulations/gen_n10000000_l120_qs-20_s2.fq
    jobid: 61
    benchmark: /net/node07/home/projects/DNA_reconstruct/empiric_merge_quality/output/benchmarks/simulations/gen_n10000000_l120_qs-20_reads.tsv
    wildcards: n=10000000, l=120, qs=-20

[Tue Oct 18 23:31:18 2022]
rule simulate_reads:
    input: /net/node07/home/projects/DNA_reconstruct/empiric_merge_quality/output/simulations/gen_n10000000_l120_adpt.fa
    output: /net/node07/home/projects/DNA_reconstruct/empiric_merge_quality/output/simulations/gen_n10000000_l120_qs-10_s1.fq, /net/node07/home/projects/DNA_reconstruct/empiric_merge_quality/output/simulations/gen_n10000000_l120_qs-10_s2.fq
    jobid: 60
    benchmark: /net/node07/home/projects/DNA_reconstruct/empiric_merge_quality/output/benchmarks/simulations/gen_n10000000_l120_qs-10_reads.tsv
    wildcards: n=10000000, l=120, qs=-10

[Tue Oct 18 23:41:30 2022]
Finished job 59.
3 of 64 steps (5%) done

[Tue Oct 18 23:41:30 2022]
rule seqtk_adna_trim:
    input: /net/node07/home/projects/DNA_reconstruct/empiric_merge_quality/output/simulations/gen_n10000000_l120_qs0_s1.fq, /net/node07/home/projects/DNA_reconstruct/empiric_merge_quality/output/simulations/gen_n10000000_l120_qs0_s2.fq
    output: /net/node07/home/projects/DNA_reconstruct/empiric_merge_quality/output/reconstructions/seqtk_adna_trim/gen_n10000000_l120_qs0_merged.fq
    jobid: 43
    benchmark: /net/node07/home/projects/DNA_reconstruct/empiric_merge_quality/output/benchmarks/seqtk_adna_trim/gen_n10000000_l120_qs0_merged.tsv
    wildcards: n=10000000, l=120, qs=0


[Tue Oct 18 23:41:31 2022]
rule fastp:
    input: /net/node07/home/projects/DNA_reconstruct/empiric_merge_quality/output/simulations/gen_n10000000_l120_qs0_s1.fq, /net/node07/home/projects/DNA_reconstruct/empiric_merge_quality/output/simulations/gen_n10000000_l120_qs0_s2.fq
    output: /net/node07/home/projects/DNA_reconstruct/empiric_merge_quality/output/reconstructions/fastp/gen_n10000000_l120_qs0_merged.fq
    jobid: 51
    benchmark: /net/node07/home/projects/DNA_reconstruct/empiric_merge_quality/output/benchmarks/fastp/gen_n10000000_l120_qs0_merged.tsv
    wildcards: n=10000000, l=120, qs=0


[Tue Oct 18 23:41:31 2022]
rule leeHom:
    input: /net/node07/home/projects/DNA_reconstruct/empiric_merge_quality/output/simulations/gen_n10000000_l120_qs0_s1.fq, /net/node07/home/projects/DNA_reconstruct/empiric_merge_quality/output/simulations/gen_n10000000_l120_qs0_s2.fq
    output: /net/node07/home/projects/DNA_reconstruct/empiric_merge_quality/output/reconstructions/leeHom/gen_n10000000_l120_qs0_merged.fq.gz
    jobid: 31
    benchmark: /net/node07/home/projects/DNA_reconstruct/empiric_merge_quality/output/benchmarks/leeHom/gen_n10000000_l120_qs0_merged.tsv
    wildcards: n=10000000, l=120, qs=0

[Tue Oct 18 23:41:31 2022]
rule AdapterRemoval:
    input: /net/node07/home/projects/DNA_reconstruct/empiric_merge_quality/output/simulations/gen_n10000000_l120_qs0_s1.fq, /net/node07/home/projects/DNA_reconstruct/empiric_merge_quality/output/simulations/gen_n10000000_l120_qs0_s2.fq
    output: /net/node07/home/projects/DNA_reconstruct/empiric_merge_quality/output/reconstructions/AdapterRemoval/gen_n10000000_l120_qs0_merged.fq
    jobid: 35
    benchmark: /net/node07/home/projects/DNA_reconstruct/empiric_merge_quality/output/benchmarks/AdapterRemoval/gen_n10000000_l120_qs0_merged.tsv
    wildcards: n=10000000, l=120, qs=0

[Tue Oct 18 23:41:31 2022]
rule bbmerge:
    input: /net/node07/home/projects/DNA_reconstruct/empiric_merge_quality/output/simulations/gen_n10000000_l120_qs0_s1.fq, /net/node07/home/projects/DNA_reconstruct/empiric_merge_quality/output/simulations/gen_n10000000_l120_qs0_s2.fq
    output: /net/node07/home/projects/DNA_reconstruct/empiric_merge_quality/output/reconstructions/bbmerge/gen_n10000000_l120_qs0_merged.fq, /net/node07/home/projects/DNA_reconstruct/empiric_merge_quality/output/reconstructions/bbmerge/gen_n10000000_l120_qs0_unmerged_s1.fq, /net/node07/home/projects/DNA_reconstruct/empiric_merge_quality/output/reconstructions/bbmerge/gen_n10000000_l120_qs0_unmerged_s2.fq
    jobid: 47
    benchmark: /net/node07/home/projects/DNA_reconstruct/empiric_merge_quality/output/benchmarks/bbmerge/gen_n10000000_l120_qs0_merged.tsv
    wildcards: n=10000000, l=120, qs=0


[Tue Oct 18 23:41:31 2022]
rule SeqPrep:
    input: /net/node07/home/projects/DNA_reconstruct/empiric_merge_quality/output/simulations/gen_n10000000_l120_qs0_s1.fq, /net/node07/home/projects/DNA_reconstruct/empiric_merge_quality/output/simulations/gen_n10000000_l120_qs0_s2.fq
    output: /net/node07/home/projects/DNA_reconstruct/empiric_merge_quality/output/reconstructions/SeqPrep/gen_n10000000_l120_qs0_merged.fq.gz
    jobid: 55
    benchmark: /net/node07/home/projects/DNA_reconstruct/empiric_merge_quality/output/benchmarks/SeqPrep/gen_n10000000_l120_qs0_merged.tsv
    wildcards: n=10000000, l=120, qs=0


[Tue Oct 18 23:41:31 2022]
rule ClipAndMerge:
    input: /net/node07/home/projects/DNA_reconstruct/empiric_merge_quality/output/simulations/gen_n10000000_l120_qs0_s1.fq, /net/node07/home/projects/DNA_reconstruct/empiric_merge_quality/output/simulations/gen_n10000000_l120_qs0_s2.fq
    output: /net/node07/home/projects/DNA_reconstruct/empiric_merge_quality/output/reconstructions/ClipAndMerge/gen_n10000000_l120_qs0_merged.fq, /net/node07/home/projects/DNA_reconstruct/empiric_merge_quality/output/reconstructions/ClipAndMerge/gen_n10000000_l120_qs0_unmerged_s1.fq, /net/node07/home/projects/DNA_reconstruct/empiric_merge_quality/output/reconstructions/ClipAndMerge/gen_n10000000_l120_qs0_unmerged_s2.fq
    jobid: 39
    benchmark: /net/node07/home/projects/DNA_reconstruct/empiric_merge_quality/output/benchmarks/ClipAndMerge/gen_n10000000_l120_qs0_merged.tsv
    wildcards: n=10000000, l=120, qs=0

[Tue Oct 18 23:41:33 2022]
Finished job 60.
4 of 64 steps (6%) done

[Tue Oct 18 23:41:33 2022]
rule fastp:
    input: /net/node07/home/projects/DNA_reconstruct/empiric_merge_quality/output/simulations/gen_n10000000_l120_qs-10_s1.fq, /net/node07/home/projects/DNA_reconstruct/empiric_merge_quality/output/simulations/gen_n10000000_l120_qs-10_s2.fq
    output: /net/node07/home/projects/DNA_reconstruct/empiric_merge_quality/output/reconstructions/fastp/gen_n10000000_l120_qs-10_merged.fq
    jobid: 52
    benchmark: /net/node07/home/projects/DNA_reconstruct/empiric_merge_quality/output/benchmarks/fastp/gen_n10000000_l120_qs-10_merged.tsv
    wildcards: n=10000000, l=120, qs=-10


[Tue Oct 18 23:41:33 2022]
rule leeHom:
    input: /net/node07/home/projects/DNA_reconstruct/empiric_merge_quality/output/simulations/gen_n10000000_l120_qs-10_s1.fq, /net/node07/home/projects/DNA_reconstruct/empiric_merge_quality/output/simulations/gen_n10000000_l120_qs-10_s2.fq
    output: /net/node07/home/projects/DNA_reconstruct/empiric_merge_quality/output/reconstructions/leeHom/gen_n10000000_l120_qs-10_merged.fq.gz
    jobid: 32
    benchmark: /net/node07/home/projects/DNA_reconstruct/empiric_merge_quality/output/benchmarks/leeHom/gen_n10000000_l120_qs-10_merged.tsv
    wildcards: n=10000000, l=120, qs=-10

[Tue Oct 18 23:41:33 2022]
rule seqtk_adna_trim:
    input: /net/node07/home/projects/DNA_reconstruct/empiric_merge_quality/output/simulations/gen_n10000000_l120_qs-10_s1.fq, /net/node07/home/projects/DNA_reconstruct/empiric_merge_quality/output/simulations/gen_n10000000_l120_qs-10_s2.fq
    output: /net/node07/home/projects/DNA_reconstruct/empiric_merge_quality/output/reconstructions/seqtk_adna_trim/gen_n10000000_l120_qs-10_merged.fq
    jobid: 44
    benchmark: /net/node07/home/projects/DNA_reconstruct/empiric_merge_quality/output/benchmarks/seqtk_adna_trim/gen_n10000000_l120_qs-10_merged.tsv
    wildcards: n=10000000, l=120, qs=-10


[Tue Oct 18 23:41:33 2022]
rule AdapterRemoval:
    input: /net/node07/home/projects/DNA_reconstruct/empiric_merge_quality/output/simulations/gen_n10000000_l120_qs-10_s1.fq, /net/node07/home/projects/DNA_reconstruct/empiric_merge_quality/output/simulations/gen_n10000000_l120_qs-10_s2.fq
    output: /net/node07/home/projects/DNA_reconstruct/empiric_merge_quality/output/reconstructions/AdapterRemoval/gen_n10000000_l120_qs-10_merged.fq
    jobid: 36
    benchmark: /net/node07/home/projects/DNA_reconstruct/empiric_merge_quality/output/benchmarks/AdapterRemoval/gen_n10000000_l120_qs-10_merged.tsv
    wildcards: n=10000000, l=120, qs=-10

[Tue Oct 18 23:41:33 2022]
rule bbmerge:
    input: /net/node07/home/projects/DNA_reconstruct/empiric_merge_quality/output/simulations/gen_n10000000_l120_qs-10_s1.fq, /net/node07/home/projects/DNA_reconstruct/empiric_merge_quality/output/simulations/gen_n10000000_l120_qs-10_s2.fq
    output: /net/node07/home/projects/DNA_reconstruct/empiric_merge_quality/output/reconstructions/bbmerge/gen_n10000000_l120_qs-10_merged.fq, /net/node07/home/projects/DNA_reconstruct/empiric_merge_quality/output/reconstructions/bbmerge/gen_n10000000_l120_qs-10_unmerged_s1.fq, /net/node07/home/projects/DNA_reconstruct/empiric_merge_quality/output/reconstructions/bbmerge/gen_n10000000_l120_qs-10_unmerged_s2.fq
    jobid: 48
    benchmark: /net/node07/home/projects/DNA_reconstruct/empiric_merge_quality/output/benchmarks/bbmerge/gen_n10000000_l120_qs-10_merged.tsv
    wildcards: n=10000000, l=120, qs=-10


[Tue Oct 18 23:41:34 2022]
rule ClipAndMerge:
    input: /net/node07/home/projects/DNA_reconstruct/empiric_merge_quality/output/simulations/gen_n10000000_l120_qs-10_s1.fq, /net/node07/home/projects/DNA_reconstruct/empiric_merge_quality/output/simulations/gen_n10000000_l120_qs-10_s2.fq
    output: /net/node07/home/projects/DNA_reconstruct/empiric_merge_quality/output/reconstructions/ClipAndMerge/gen_n10000000_l120_qs-10_merged.fq, /net/node07/home/projects/DNA_reconstruct/empiric_merge_quality/output/reconstructions/ClipAndMerge/gen_n10000000_l120_qs-10_unmerged_s1.fq, /net/node07/home/projects/DNA_reconstruct/empiric_merge_quality/output/reconstructions/ClipAndMerge/gen_n10000000_l120_qs-10_unmerged_s2.fq
    jobid: 40
    benchmark: /net/node07/home/projects/DNA_reconstruct/empiric_merge_quality/output/benchmarks/ClipAndMerge/gen_n10000000_l120_qs-10_merged.tsv
    wildcards: n=10000000, l=120, qs=-10


[Tue Oct 18 23:41:34 2022]
rule SeqPrep:
    input: /net/node07/home/projects/DNA_reconstruct/empiric_merge_quality/output/simulations/gen_n10000000_l120_qs-10_s1.fq, /net/node07/home/projects/DNA_reconstruct/empiric_merge_quality/output/simulations/gen_n10000000_l120_qs-10_s2.fq
    output: /net/node07/home/projects/DNA_reconstruct/empiric_merge_quality/output/reconstructions/SeqPrep/gen_n10000000_l120_qs-10_merged.fq.gz
    jobid: 56
    benchmark: /net/node07/home/projects/DNA_reconstruct/empiric_merge_quality/output/benchmarks/SeqPrep/gen_n10000000_l120_qs-10_merged.tsv
    wildcards: n=10000000, l=120, qs=-10

[Tue Oct 18 23:42:25 2022]
Finished job 61.
5 of 64 steps (8%) done

[Tue Oct 18 23:42:25 2022]
rule bbmerge:
    input: /net/node07/home/projects/DNA_reconstruct/empiric_merge_quality/output/simulations/gen_n10000000_l120_qs-20_s1.fq, /net/node07/home/projects/DNA_reconstruct/empiric_merge_quality/output/simulations/gen_n10000000_l120_qs-20_s2.fq
    output: /net/node07/home/projects/DNA_reconstruct/empiric_merge_quality/output/reconstructions/bbmerge/gen_n10000000_l120_qs-20_merged.fq, /net/node07/home/projects/DNA_reconstruct/empiric_merge_quality/output/reconstructions/bbmerge/gen_n10000000_l120_qs-20_unmerged_s1.fq, /net/node07/home/projects/DNA_reconstruct/empiric_merge_quality/output/reconstructions/bbmerge/gen_n10000000_l120_qs-20_unmerged_s2.fq
    jobid: 49
    benchmark: /net/node07/home/projects/DNA_reconstruct/empiric_merge_quality/output/benchmarks/bbmerge/gen_n10000000_l120_qs-20_merged.tsv
    wildcards: n=10000000, l=120, qs=-20

[Tue Oct 18 23:44:27 2022]
Finished job 62.
6 of 64 steps (9%) done

[Tue Oct 18 23:44:27 2022]
rule bbmerge:
    input: /net/node07/home/projects/DNA_reconstruct/empiric_merge_quality/output/simulations/gen_n10000000_l120_qs-30_s1.fq, /net/node07/home/projects/DNA_reconstruct/empiric_merge_quality/output/simulations/gen_n10000000_l120_qs-30_s2.fq
    output: /net/node07/home/projects/DNA_reconstruct/empiric_merge_quality/output/reconstructions/bbmerge/gen_n10000000_l120_qs-30_merged.fq, /net/node07/home/projects/DNA_reconstruct/empiric_merge_quality/output/reconstructions/bbmerge/gen_n10000000_l120_qs-30_unmerged_s1.fq, /net/node07/home/projects/DNA_reconstruct/empiric_merge_quality/output/reconstructions/bbmerge/gen_n10000000_l120_qs-30_unmerged_s2.fq
    jobid: 50
    benchmark: /net/node07/home/projects/DNA_reconstruct/empiric_merge_quality/output/benchmarks/bbmerge/gen_n10000000_l120_qs-30_merged.tsv
    wildcards: n=10000000, l=120, qs=-30

[Tue Oct 18 23:46:26 2022]
Finished job 43.
7 of 64 steps (11%) done
[Tue Oct 18 23:46:26 2022]
Finished job 44.
8 of 64 steps (12%) done

[Tue Oct 18 23:46:26 2022]
rule AdapterRemoval:
    input: /net/node07/home/projects/DNA_reconstruct/empiric_merge_quality/output/simulations/gen_n10000000_l120_qs-30_s1.fq, /net/node07/home/projects/DNA_reconstruct/empiric_merge_quality/output/simulations/gen_n10000000_l120_qs-30_s2.fq
    output: /net/node07/home/projects/DNA_reconstruct/empiric_merge_quality/output/reconstructions/AdapterRemoval/gen_n10000000_l120_qs-30_merged.fq
    jobid: 38
    benchmark: /net/node07/home/projects/DNA_reconstruct/empiric_merge_quality/output/benchmarks/AdapterRemoval/gen_n10000000_l120_qs-30_merged.tsv
    wildcards: n=10000000, l=120, qs=-30

[Tue Oct 18 23:46:26 2022]
rule AdapterRemoval:
    input: /net/node07/home/projects/DNA_reconstruct/empiric_merge_quality/output/simulations/gen_n10000000_l120_qs-20_s1.fq, /net/node07/home/projects/DNA_reconstruct/empiric_merge_quality/output/simulations/gen_n10000000_l120_qs-20_s2.fq
    output: /net/node07/home/projects/DNA_reconstruct/empiric_merge_quality/output/reconstructions/AdapterRemoval/gen_n10000000_l120_qs-20_merged.fq
    jobid: 37
    benchmark: /net/node07/home/projects/DNA_reconstruct/empiric_merge_quality/output/benchmarks/AdapterRemoval/gen_n10000000_l120_qs-20_merged.tsv
    wildcards: n=10000000, l=120, qs=-20

[Tue Oct 18 23:46:41 2022]
Finished job 52.
9 of 64 steps (14%) done
[Tue Oct 18 23:46:42 2022]
Finished job 51.
10 of 64 steps (16%) done

[Tue Oct 18 23:46:42 2022]
rule seqtk_adna_trim:
    input: /net/node07/home/projects/DNA_reconstruct/empiric_merge_quality/output/simulations/gen_n10000000_l120_qs-30_s1.fq, /net/node07/home/projects/DNA_reconstruct/empiric_merge_quality/output/simulations/gen_n10000000_l120_qs-30_s2.fq
    output: /net/node07/home/projects/DNA_reconstruct/empiric_merge_quality/output/reconstructions/seqtk_adna_trim/gen_n10000000_l120_qs-30_merged.fq
    jobid: 46
    benchmark: /net/node07/home/projects/DNA_reconstruct/empiric_merge_quality/output/benchmarks/seqtk_adna_trim/gen_n10000000_l120_qs-30_merged.tsv
    wildcards: n=10000000, l=120, qs=-30


[Tue Oct 18 23:46:42 2022]
rule seqtk_adna_trim:
    input: /net/node07/home/projects/DNA_reconstruct/empiric_merge_quality/output/simulations/gen_n10000000_l120_qs-20_s1.fq, /net/node07/home/projects/DNA_reconstruct/empiric_merge_quality/output/simulations/gen_n10000000_l120_qs-20_s2.fq
    output: /net/node07/home/projects/DNA_reconstruct/empiric_merge_quality/output/reconstructions/seqtk_adna_trim/gen_n10000000_l120_qs-20_merged.fq
    jobid: 45
    benchmark: /net/node07/home/projects/DNA_reconstruct/empiric_merge_quality/output/benchmarks/seqtk_adna_trim/gen_n10000000_l120_qs-20_merged.tsv
    wildcards: n=10000000, l=120, qs=-20

[Tue Oct 18 23:47:55 2022]
Finished job 36.
11 of 64 steps (17%) done

[Tue Oct 18 23:47:55 2022]
rule SeqPrep:
    input: /net/node07/home/projects/DNA_reconstruct/empiric_merge_quality/output/simulations/gen_n10000000_l120_qs-20_s1.fq, /net/node07/home/projects/DNA_reconstruct/empiric_merge_quality/output/simulations/gen_n10000000_l120_qs-20_s2.fq
    output: /net/node07/home/projects/DNA_reconstruct/empiric_merge_quality/output/reconstructions/SeqPrep/gen_n10000000_l120_qs-20_merged.fq.gz
    jobid: 57
    benchmark: /net/node07/home/projects/DNA_reconstruct/empiric_merge_quality/output/benchmarks/SeqPrep/gen_n10000000_l120_qs-20_merged.tsv
    wildcards: n=10000000, l=120, qs=-20

[Tue Oct 18 23:47:55 2022]
Finished job 35.
12 of 64 steps (19%) done

[Tue Oct 18 23:47:55 2022]
rule SeqPrep:
    input: /net/node07/home/projects/DNA_reconstruct/empiric_merge_quality/output/simulations/gen_n10000000_l120_qs-30_s1.fq, /net/node07/home/projects/DNA_reconstruct/empiric_merge_quality/output/simulations/gen_n10000000_l120_qs-30_s2.fq
    output: /net/node07/home/projects/DNA_reconstruct/empiric_merge_quality/output/reconstructions/SeqPrep/gen_n10000000_l120_qs-30_merged.fq.gz
    jobid: 58
    benchmark: /net/node07/home/projects/DNA_reconstruct/empiric_merge_quality/output/benchmarks/SeqPrep/gen_n10000000_l120_qs-30_merged.tsv
    wildcards: n=10000000, l=120, qs=-30

[Tue Oct 18 23:49:59 2022]
Finished job 47.
13 of 64 steps (20%) done

[Tue Oct 18 23:49:59 2022]
rule fastp:
    input: /net/node07/home/projects/DNA_reconstruct/empiric_merge_quality/output/simulations/gen_n10000000_l120_qs-20_s1.fq, /net/node07/home/projects/DNA_reconstruct/empiric_merge_quality/output/simulations/gen_n10000000_l120_qs-20_s2.fq
    output: /net/node07/home/projects/DNA_reconstruct/empiric_merge_quality/output/reconstructions/fastp/gen_n10000000_l120_qs-20_merged.fq
    jobid: 53
    benchmark: /net/node07/home/projects/DNA_reconstruct/empiric_merge_quality/output/benchmarks/fastp/gen_n10000000_l120_qs-20_merged.tsv
    wildcards: n=10000000, l=120, qs=-20

[Tue Oct 18 23:51:26 2022]
Finished job 45.
14 of 64 steps (22%) done

[Tue Oct 18 23:51:26 2022]
rule leeHom:
    input: /net/node07/home/projects/DNA_reconstruct/empiric_merge_quality/output/simulations/gen_n10000000_l120_qs-20_s1.fq, /net/node07/home/projects/DNA_reconstruct/empiric_merge_quality/output/simulations/gen_n10000000_l120_qs-20_s2.fq
    output: /net/node07/home/projects/DNA_reconstruct/empiric_merge_quality/output/reconstructions/leeHom/gen_n10000000_l120_qs-20_merged.fq.gz
    jobid: 33
    benchmark: /net/node07/home/projects/DNA_reconstruct/empiric_merge_quality/output/benchmarks/leeHom/gen_n10000000_l120_qs-20_merged.tsv
    wildcards: n=10000000, l=120, qs=-20

[Tue Oct 18 23:51:31 2022]
Finished job 49.
15 of 64 steps (23%) done

[Tue Oct 18 23:51:31 2022]
rule leeHom:
    input: /net/node07/home/projects/DNA_reconstruct/empiric_merge_quality/output/simulations/gen_n10000000_l120_qs-30_s1.fq, /net/node07/home/projects/DNA_reconstruct/empiric_merge_quality/output/simulations/gen_n10000000_l120_qs-30_s2.fq
    output: /net/node07/home/projects/DNA_reconstruct/empiric_merge_quality/output/reconstructions/leeHom/gen_n10000000_l120_qs-30_merged.fq.gz
    jobid: 34
    benchmark: /net/node07/home/projects/DNA_reconstruct/empiric_merge_quality/output/benchmarks/leeHom/gen_n10000000_l120_qs-30_merged.tsv
    wildcards: n=10000000, l=120, qs=-30

[Tue Oct 18 23:51:52 2022]
Finished job 46.
16 of 64 steps (25%) done

[Tue Oct 18 23:51:52 2022]
rule fastp:
    input: /net/node07/home/projects/DNA_reconstruct/empiric_merge_quality/output/simulations/gen_n10000000_l120_qs-30_s1.fq, /net/node07/home/projects/DNA_reconstruct/empiric_merge_quality/output/simulations/gen_n10000000_l120_qs-30_s2.fq
    output: /net/node07/home/projects/DNA_reconstruct/empiric_merge_quality/output/reconstructions/fastp/gen_n10000000_l120_qs-30_merged.fq
    jobid: 54
    benchmark: /net/node07/home/projects/DNA_reconstruct/empiric_merge_quality/output/benchmarks/fastp/gen_n10000000_l120_qs-30_merged.tsv
    wildcards: n=10000000, l=120, qs=-30

[Tue Oct 18 23:51:54 2022]
Finished job 50.
17 of 64 steps (27%) done

[Tue Oct 18 23:51:54 2022]
rule ClipAndMerge:
    input: /net/node07/home/projects/DNA_reconstruct/empiric_merge_quality/output/simulations/gen_n10000000_l120_qs-20_s1.fq, /net/node07/home/projects/DNA_reconstruct/empiric_merge_quality/output/simulations/gen_n10000000_l120_qs-20_s2.fq
    output: /net/node07/home/projects/DNA_reconstruct/empiric_merge_quality/output/reconstructions/ClipAndMerge/gen_n10000000_l120_qs-20_merged.fq, /net/node07/home/projects/DNA_reconstruct/empiric_merge_quality/output/reconstructions/ClipAndMerge/gen_n10000000_l120_qs-20_unmerged_s1.fq, /net/node07/home/projects/DNA_reconstruct/empiric_merge_quality/output/reconstructions/ClipAndMerge/gen_n10000000_l120_qs-20_unmerged_s2.fq
    jobid: 41
    benchmark: /net/node07/home/projects/DNA_reconstruct/empiric_merge_quality/output/benchmarks/ClipAndMerge/gen_n10000000_l120_qs-20_merged.tsv
    wildcards: n=10000000, l=120, qs=-20

[Tue Oct 18 23:52:46 2022]
Finished job 37.
18 of 64 steps (28%) done

[Tue Oct 18 23:52:46 2022]
rule ClipAndMerge:
    input: /net/node07/home/projects/DNA_reconstruct/empiric_merge_quality/output/simulations/gen_n10000000_l120_qs-30_s1.fq, /net/node07/home/projects/DNA_reconstruct/empiric_merge_quality/output/simulations/gen_n10000000_l120_qs-30_s2.fq
    output: /net/node07/home/projects/DNA_reconstruct/empiric_merge_quality/output/reconstructions/ClipAndMerge/gen_n10000000_l120_qs-30_merged.fq, /net/node07/home/projects/DNA_reconstruct/empiric_merge_quality/output/reconstructions/ClipAndMerge/gen_n10000000_l120_qs-30_unmerged_s1.fq, /net/node07/home/projects/DNA_reconstruct/empiric_merge_quality/output/reconstructions/ClipAndMerge/gen_n10000000_l120_qs-30_unmerged_s2.fq
    jobid: 42
    benchmark: /net/node07/home/projects/DNA_reconstruct/empiric_merge_quality/output/benchmarks/ClipAndMerge/gen_n10000000_l120_qs-30_merged.tsv
    wildcards: n=10000000, l=120, qs=-30

[Tue Oct 18 23:53:58 2022]
Finished job 38.
19 of 64 steps (30%) done

[Tue Oct 18 23:53:58 2022]
rule evaluate_unzipped:
    input: /net/node07/home/projects/DNA_reconstruct/empiric_merge_quality/output/simulations/gen_n10000000_l120.fa, /net/node07/home/projects/DNA_reconstruct/empiric_merge_quality/output/reconstructions/fastp/gen_n10000000_l120_qs0_merged.fq
    output: /net/node07/home/projects/DNA_reconstruct/empiric_merge_quality/output/evaluation/fastp/gen_n10000000_l120_qs0.csv
    jobid: 22
    wildcards: tool_name=fastp, n=10000000, l=120, qs=0

[Tue Oct 18 23:56:52 2022]
Finished job 48.
20 of 64 steps (31%) done

[Tue Oct 18 23:56:52 2022]
rule evaluate_unzipped:
    input: /net/node07/home/projects/DNA_reconstruct/empiric_merge_quality/output/simulations/gen_n10000000_l120.fa, /net/node07/home/projects/DNA_reconstruct/empiric_merge_quality/output/reconstructions/fastp/gen_n10000000_l120_qs-10_merged.fq
    output: /net/node07/home/projects/DNA_reconstruct/empiric_merge_quality/output/evaluation/fastp/gen_n10000000_l120_qs-10.csv
    jobid: 23
    wildcards: tool_name=fastp, n=10000000, l=120, qs=-10

[Tue Oct 18 23:57:04 2022]
Finished job 53.
21 of 64 steps (33%) done

[Tue Oct 18 23:57:04 2022]
rule evaluate_unzipped:
    input: /net/node07/home/projects/DNA_reconstruct/empiric_merge_quality/output/simulations/gen_n10000000_l120.fa, /net/node07/home/projects/DNA_reconstruct/empiric_merge_quality/output/reconstructions/AdapterRemoval/gen_n10000000_l120_qs-20_merged.fq
    output: /net/node07/home/projects/DNA_reconstruct/empiric_merge_quality/output/evaluation/AdapterRemoval/gen_n10000000_l120_qs-20.csv
    jobid: 8
    wildcards: tool_name=AdapterRemoval, n=10000000, l=120, qs=-20

[Tue Oct 18 23:59:59 2022]
Finished job 54.
22 of 64 steps (34%) done

[Tue Oct 18 23:59:59 2022]
rule evaluate_unzipped:
    input: /net/node07/home/projects/DNA_reconstruct/empiric_merge_quality/output/simulations/gen_n10000000_l120.fa, /net/node07/home/projects/DNA_reconstruct/empiric_merge_quality/output/reconstructions/AdapterRemoval/gen_n10000000_l120_qs-10_merged.fq
    output: /net/node07/home/projects/DNA_reconstruct/empiric_merge_quality/output/evaluation/AdapterRemoval/gen_n10000000_l120_qs-10.csv
    jobid: 7
    wildcards: tool_name=AdapterRemoval, n=10000000, l=120, qs=-10

[Wed Oct 19 00:16:55 2022]
Finished job 22.
23 of 64 steps (36%) done

[Wed Oct 19 00:16:55 2022]
rule evaluate_unzipped:
    input: /net/node07/home/projects/DNA_reconstruct/empiric_merge_quality/output/simulations/gen_n10000000_l120.fa, /net/node07/home/projects/DNA_reconstruct/empiric_merge_quality/output/reconstructions/AdapterRemoval/gen_n10000000_l120_qs0_merged.fq
    output: /net/node07/home/projects/DNA_reconstruct/empiric_merge_quality/output/evaluation/AdapterRemoval/gen_n10000000_l120_qs0.csv
    jobid: 6
    wildcards: tool_name=AdapterRemoval, n=10000000, l=120, qs=0

[Wed Oct 19 00:19:29 2022]
Finished job 23.
24 of 64 steps (38%) done

[Wed Oct 19 00:19:29 2022]
rule evaluate_unzipped:
    input: /net/node07/home/projects/DNA_reconstruct/empiric_merge_quality/output/simulations/gen_n10000000_l120.fa, /net/node07/home/projects/DNA_reconstruct/empiric_merge_quality/output/reconstructions/bbmerge/gen_n10000000_l120_qs0_merged.fq
    output: /net/node07/home/projects/DNA_reconstruct/empiric_merge_quality/output/evaluation/bbmerge/gen_n10000000_l120_qs0.csv
    jobid: 18
    wildcards: tool_name=bbmerge, n=10000000, l=120, qs=0

[Wed Oct 19 00:20:06 2022]
Finished job 8.
25 of 64 steps (39%) done

[Wed Oct 19 00:20:06 2022]
rule evaluate_unzipped:
    input: /net/node07/home/projects/DNA_reconstruct/empiric_merge_quality/output/simulations/gen_n10000000_l120.fa, /net/node07/home/projects/DNA_reconstruct/empiric_merge_quality/output/reconstructions/bbmerge/gen_n10000000_l120_qs-10_merged.fq
    output: /net/node07/home/projects/DNA_reconstruct/empiric_merge_quality/output/evaluation/bbmerge/gen_n10000000_l120_qs-10.csv
    jobid: 19
    wildcards: tool_name=bbmerge, n=10000000, l=120, qs=-10

[Wed Oct 19 00:21:53 2022]
Finished job 7.
26 of 64 steps (41%) done

[Wed Oct 19 00:21:53 2022]
rule evaluate_unzipped:
    input: /net/node07/home/projects/DNA_reconstruct/empiric_merge_quality/output/simulations/gen_n10000000_l120.fa, /net/node07/home/projects/DNA_reconstruct/empiric_merge_quality/output/reconstructions/fastp/gen_n10000000_l120_qs-20_merged.fq
    output: /net/node07/home/projects/DNA_reconstruct/empiric_merge_quality/output/evaluation/fastp/gen_n10000000_l120_qs-20.csv
    jobid: 24
    wildcards: tool_name=fastp, n=10000000, l=120, qs=-20

[Wed Oct 19 00:24:42 2022]
Finished job 34.
27 of 64 steps (42%) done

[Wed Oct 19 00:24:42 2022]
rule evaluate_unzipped:
    input: /net/node07/home/projects/DNA_reconstruct/empiric_merge_quality/output/simulations/gen_n10000000_l120.fa, /net/node07/home/projects/DNA_reconstruct/empiric_merge_quality/output/reconstructions/seqtk_adna_trim/gen_n10000000_l120_qs-20_merged.fq
    output: /net/node07/home/projects/DNA_reconstruct/empiric_merge_quality/output/evaluation/seqtk_adna_trim/gen_n10000000_l120_qs-20.csv
    jobid: 16
    wildcards: tool_name=seqtk_adna_trim, n=10000000, l=120, qs=-20

[Wed Oct 19 00:29:39 2022]
Finished job 24.
28 of 64 steps (44%) done

[Wed Oct 19 00:29:39 2022]
rule evaluate_zipped:
    input: /net/node07/home/projects/DNA_reconstruct/empiric_merge_quality/output/simulations/gen_n10000000_l120.fa, /net/node07/home/projects/DNA_reconstruct/empiric_merge_quality/output/reconstructions/leeHom/gen_n10000000_l120_qs-30_merged.fq.gz
    output: /net/node07/home/projects/DNA_reconstruct/empiric_merge_quality/output/evaluation/leeHom/gen_n10000000_l120_qs-30.csv
    jobid: 5
    wildcards: tool_name=leeHom, n=10000000, l=120, qs=-30

[Wed Oct 19 00:31:25 2022]
Finished job 16.
29 of 64 steps (45%) done

[Wed Oct 19 00:31:25 2022]
rule evaluate_unzipped:
    input: /net/node07/home/projects/DNA_reconstruct/empiric_merge_quality/output/simulations/gen_n10000000_l120.fa, /net/node07/home/projects/DNA_reconstruct/empiric_merge_quality/output/reconstructions/seqtk_adna_trim/gen_n10000000_l120_qs-10_merged.fq
    output: /net/node07/home/projects/DNA_reconstruct/empiric_merge_quality/output/evaluation/seqtk_adna_trim/gen_n10000000_l120_qs-10.csv
    jobid: 15
    wildcards: tool_name=seqtk_adna_trim, n=10000000, l=120, qs=-10

[Wed Oct 19 00:32:02 2022]
Finished job 31.
30 of 64 steps (47%) done

[Wed Oct 19 00:32:02 2022]
rule evaluate_zipped:
    input: /net/node07/home/projects/DNA_reconstruct/empiric_merge_quality/output/simulations/gen_n10000000_l120.fa, /net/node07/home/projects/DNA_reconstruct/empiric_merge_quality/output/reconstructions/leeHom/gen_n10000000_l120_qs0_merged.fq.gz
    output: /net/node07/home/projects/DNA_reconstruct/empiric_merge_quality/output/evaluation/leeHom/gen_n10000000_l120_qs0.csv
    jobid: 2
    wildcards: tool_name=leeHom, n=10000000, l=120, qs=0

[Wed Oct 19 00:33:16 2022]
Finished job 15.
31 of 64 steps (48%) done

[Wed Oct 19 00:33:16 2022]
rule evaluate_unzipped:
    input: /net/node07/home/projects/DNA_reconstruct/empiric_merge_quality/output/simulations/gen_n10000000_l120.fa, /net/node07/home/projects/DNA_reconstruct/empiric_merge_quality/output/reconstructions/bbmerge/gen_n10000000_l120_qs-20_merged.fq
    output: /net/node07/home/projects/DNA_reconstruct/empiric_merge_quality/output/evaluation/bbmerge/gen_n10000000_l120_qs-20.csv
    jobid: 20
    wildcards: tool_name=bbmerge, n=10000000, l=120, qs=-20

[Wed Oct 19 00:33:57 2022]
Finished job 32.
32 of 64 steps (50%) done

[Wed Oct 19 00:33:57 2022]
rule evaluate_zipped:
    input: /net/node07/home/projects/DNA_reconstruct/empiric_merge_quality/output/simulations/gen_n10000000_l120.fa, /net/node07/home/projects/DNA_reconstruct/empiric_merge_quality/output/reconstructions/leeHom/gen_n10000000_l120_qs-10_merged.fq.gz
    output: /net/node07/home/projects/DNA_reconstruct/empiric_merge_quality/output/evaluation/leeHom/gen_n10000000_l120_qs-10.csv
    jobid: 3
    wildcards: tool_name=leeHom, n=10000000, l=120, qs=-10

[Wed Oct 19 00:34:49 2022]
Finished job 20.
33 of 64 steps (52%) done

[Wed Oct 19 00:34:49 2022]
rule evaluate_unzipped:
    input: /net/node07/home/projects/DNA_reconstruct/empiric_merge_quality/output/simulations/gen_n10000000_l120.fa, /net/node07/home/projects/DNA_reconstruct/empiric_merge_quality/output/reconstructions/AdapterRemoval/gen_n10000000_l120_qs-30_merged.fq
    output: /net/node07/home/projects/DNA_reconstruct/empiric_merge_quality/output/evaluation/AdapterRemoval/gen_n10000000_l120_qs-30.csv
    jobid: 9
    wildcards: tool_name=AdapterRemoval, n=10000000, l=120, qs=-30

[Wed Oct 19 00:36:10 2022]
Finished job 9.
34 of 64 steps (53%) done

[Wed Oct 19 00:36:10 2022]
rule evaluate_unzipped:
    input: /net/node07/home/projects/DNA_reconstruct/empiric_merge_quality/output/simulations/gen_n10000000_l120.fa, /net/node07/home/projects/DNA_reconstruct/empiric_merge_quality/output/reconstructions/seqtk_adna_trim/gen_n10000000_l120_qs-30_merged.fq
    output: /net/node07/home/projects/DNA_reconstruct/empiric_merge_quality/output/evaluation/seqtk_adna_trim/gen_n10000000_l120_qs-30.csv
    jobid: 17
    wildcards: tool_name=seqtk_adna_trim, n=10000000, l=120, qs=-30

[Wed Oct 19 00:37:12 2022]
Finished job 17.
35 of 64 steps (55%) done

[Wed Oct 19 00:37:12 2022]
rule evaluate_unzipped:
    input: /net/node07/home/projects/DNA_reconstruct/empiric_merge_quality/output/simulations/gen_n10000000_l120.fa, /net/node07/home/projects/DNA_reconstruct/empiric_merge_quality/output/reconstructions/seqtk_adna_trim/gen_n10000000_l120_qs0_merged.fq
    output: /net/node07/home/projects/DNA_reconstruct/empiric_merge_quality/output/evaluation/seqtk_adna_trim/gen_n10000000_l120_qs0.csv
    jobid: 14
    wildcards: tool_name=seqtk_adna_trim, n=10000000, l=120, qs=0

[Wed Oct 19 00:37:48 2022]
Finished job 6.
36 of 64 steps (56%) done

[Wed Oct 19 00:37:48 2022]
rule evaluate_unzipped:
    input: /net/node07/home/projects/DNA_reconstruct/empiric_merge_quality/output/simulations/gen_n10000000_l120.fa, /net/node07/home/projects/DNA_reconstruct/empiric_merge_quality/output/reconstructions/bbmerge/gen_n10000000_l120_qs-30_merged.fq
    output: /net/node07/home/projects/DNA_reconstruct/empiric_merge_quality/output/evaluation/bbmerge/gen_n10000000_l120_qs-30.csv
    jobid: 21
    wildcards: tool_name=bbmerge, n=10000000, l=120, qs=-30

[Wed Oct 19 00:38:13 2022]
Finished job 14.
37 of 64 steps (58%) done

[Wed Oct 19 00:38:13 2022]
rule evaluate_unzipped:
    input: /net/node07/home/projects/DNA_reconstruct/empiric_merge_quality/output/simulations/gen_n10000000_l120.fa, /net/node07/home/projects/DNA_reconstruct/empiric_merge_quality/output/reconstructions/fastp/gen_n10000000_l120_qs-30_merged.fq
    output: /net/node07/home/projects/DNA_reconstruct/empiric_merge_quality/output/evaluation/fastp/gen_n10000000_l120_qs-30.csv
    jobid: 25
    wildcards: tool_name=fastp, n=10000000, l=120, qs=-30

[Wed Oct 19 00:38:47 2022]
Finished job 21.
38 of 64 steps (59%) done
[Wed Oct 19 00:39:00 2022]
Finished job 25.
39 of 64 steps (61%) done
[Wed Oct 19 00:39:46 2022]
Finished job 40.
40 of 64 steps (62%) done

[Wed Oct 19 00:39:46 2022]
rule evaluate_unzipped:
    input: /net/node07/home/projects/DNA_reconstruct/empiric_merge_quality/output/simulations/gen_n10000000_l120.fa, /net/node07/home/projects/DNA_reconstruct/empiric_merge_quality/output/reconstructions/ClipAndMerge/gen_n10000000_l120_qs-10_merged.fq
    output: /net/node07/home/projects/DNA_reconstruct/empiric_merge_quality/output/evaluation/ClipAndMerge/gen_n10000000_l120_qs-10.csv
    jobid: 11
    wildcards: tool_name=ClipAndMerge, n=10000000, l=120, qs=-10

[Wed Oct 19 00:39:47 2022]
Finished job 19.
41 of 64 steps (64%) done
[Wed Oct 19 00:40:09 2022]
Finished job 18.
42 of 64 steps (66%) done
[Wed Oct 19 00:40:22 2022]
Finished job 39.
43 of 64 steps (67%) done

[Wed Oct 19 00:40:22 2022]
rule evaluate_unzipped:
    input: /net/node07/home/projects/DNA_reconstruct/empiric_merge_quality/output/simulations/gen_n10000000_l120.fa, /net/node07/home/projects/DNA_reconstruct/empiric_merge_quality/output/reconstructions/ClipAndMerge/gen_n10000000_l120_qs0_merged.fq
    output: /net/node07/home/projects/DNA_reconstruct/empiric_merge_quality/output/evaluation/ClipAndMerge/gen_n10000000_l120_qs0.csv
    jobid: 10
    wildcards: tool_name=ClipAndMerge, n=10000000, l=120, qs=0

[Wed Oct 19 00:41:34 2022]
Finished job 5.
44 of 64 steps (69%) done
[Wed Oct 19 00:43:37 2022]
Finished job 33.
45 of 64 steps (70%) done

[Wed Oct 19 00:43:37 2022]
rule evaluate_zipped:
    input: /net/node07/home/projects/DNA_reconstruct/empiric_merge_quality/output/simulations/gen_n10000000_l120.fa, /net/node07/home/projects/DNA_reconstruct/empiric_merge_quality/output/reconstructions/leeHom/gen_n10000000_l120_qs-20_merged.fq.gz
    output: /net/node07/home/projects/DNA_reconstruct/empiric_merge_quality/output/evaluation/leeHom/gen_n10000000_l120_qs-20.csv
    jobid: 4
    wildcards: tool_name=leeHom, n=10000000, l=120, qs=-20

[Wed Oct 19 00:46:54 2022]
Finished job 42.
46 of 64 steps (72%) done

[Wed Oct 19 00:46:54 2022]
rule evaluate_unzipped:
    input: /net/node07/home/projects/DNA_reconstruct/empiric_merge_quality/output/simulations/gen_n10000000_l120.fa, /net/node07/home/projects/DNA_reconstruct/empiric_merge_quality/output/reconstructions/ClipAndMerge/gen_n10000000_l120_qs-30_merged.fq
    output: /net/node07/home/projects/DNA_reconstruct/empiric_merge_quality/output/evaluation/ClipAndMerge/gen_n10000000_l120_qs-30.csv
    jobid: 13
    wildcards: tool_name=ClipAndMerge, n=10000000, l=120, qs=-30

[Wed Oct 19 00:47:34 2022]
Finished job 41.
47 of 64 steps (73%) done

[Wed Oct 19 00:47:34 2022]
rule evaluate_unzipped:
    input: /net/node07/home/projects/DNA_reconstruct/empiric_merge_quality/output/simulations/gen_n10000000_l120.fa, /net/node07/home/projects/DNA_reconstruct/empiric_merge_quality/output/reconstructions/ClipAndMerge/gen_n10000000_l120_qs-20_merged.fq
    output: /net/node07/home/projects/DNA_reconstruct/empiric_merge_quality/output/evaluation/ClipAndMerge/gen_n10000000_l120_qs-20.csv
    jobid: 12
    wildcards: tool_name=ClipAndMerge, n=10000000, l=120, qs=-20

[Wed Oct 19 00:50:32 2022]
Finished job 2.
48 of 64 steps (75%) done
[Wed Oct 19 00:51:58 2022]
Finished job 3.
49 of 64 steps (77%) done
[Wed Oct 19 00:53:21 2022]
Finished job 11.
50 of 64 steps (78%) done
[Wed Oct 19 00:53:45 2022]
Finished job 10.
51 of 64 steps (80%) done
[Wed Oct 19 00:56:41 2022]
Finished job 13.
52 of 64 steps (81%) done
[Wed Oct 19 00:56:42 2022]
Finished job 12.
53 of 64 steps (83%) done
[Wed Oct 19 00:57:00 2022]
Finished job 4.
54 of 64 steps (84%) done
[Wed Oct 19 01:01:16 2022]
Finished job 55.
55 of 64 steps (86%) done

[Wed Oct 19 01:01:16 2022]
rule evaluate_zipped:
    input: /net/node07/home/projects/DNA_reconstruct/empiric_merge_quality/output/simulations/gen_n10000000_l120.fa, /net/node07/home/projects/DNA_reconstruct/empiric_merge_quality/output/reconstructions/SeqPrep/gen_n10000000_l120_qs0_merged.fq.gz
    output: /net/node07/home/projects/DNA_reconstruct/empiric_merge_quality/output/evaluation/SeqPrep/gen_n10000000_l120_qs0.csv
    jobid: 26
    wildcards: tool_name=SeqPrep, n=10000000, l=120, qs=0

[Wed Oct 19 01:03:05 2022]
Finished job 56.
56 of 64 steps (88%) done

[Wed Oct 19 01:03:05 2022]
rule evaluate_zipped:
    input: /net/node07/home/projects/DNA_reconstruct/empiric_merge_quality/output/simulations/gen_n10000000_l120.fa, /net/node07/home/projects/DNA_reconstruct/empiric_merge_quality/output/reconstructions/SeqPrep/gen_n10000000_l120_qs-10_merged.fq.gz
    output: /net/node07/home/projects/DNA_reconstruct/empiric_merge_quality/output/evaluation/SeqPrep/gen_n10000000_l120_qs-10.csv
    jobid: 27
    wildcards: tool_name=SeqPrep, n=10000000, l=120, qs=-10

[Wed Oct 19 01:10:57 2022]
Finished job 26.
57 of 64 steps (89%) done
[Wed Oct 19 01:11:04 2022]
Finished job 57.
58 of 64 steps (91%) done

[Wed Oct 19 01:11:04 2022]
rule evaluate_zipped:
    input: /net/node07/home/projects/DNA_reconstruct/empiric_merge_quality/output/simulations/gen_n10000000_l120.fa, /net/node07/home/projects/DNA_reconstruct/empiric_merge_quality/output/reconstructions/SeqPrep/gen_n10000000_l120_qs-20_merged.fq.gz
    output: /net/node07/home/projects/DNA_reconstruct/empiric_merge_quality/output/evaluation/SeqPrep/gen_n10000000_l120_qs-20.csv
    jobid: 28
    wildcards: tool_name=SeqPrep, n=10000000, l=120, qs=-20

[Wed Oct 19 01:12:16 2022]
Finished job 28.
59 of 64 steps (92%) done
[Wed Oct 19 01:12:56 2022]
Finished job 27.
60 of 64 steps (94%) done
[Wed Oct 19 01:41:34 2022]
Finished job 58.
61 of 64 steps (95%) done

[Wed Oct 19 01:41:34 2022]
rule evaluate_zipped:
    input: /net/node07/home/projects/DNA_reconstruct/empiric_merge_quality/output/simulations/gen_n10000000_l120.fa, /net/node07/home/projects/DNA_reconstruct/empiric_merge_quality/output/reconstructions/SeqPrep/gen_n10000000_l120_qs-30_merged.fq.gz
    output: /net/node07/home/projects/DNA_reconstruct/empiric_merge_quality/output/evaluation/SeqPrep/gen_n10000000_l120_qs-30.csv
    jobid: 29
    wildcards: tool_name=SeqPrep, n=10000000, l=120, qs=-30

[Wed Oct 19 01:41:55 2022]
Finished job 29.
62 of 64 steps (97%) done

[Wed Oct 19 01:41:55 2022]
rule merge_csv:
    input: /net/node07/home/projects/DNA_reconstruct/empiric_merge_quality/output/evaluation/leeHom/gen_n10000000_l120_qs0.csv, /net/node07/home/projects/DNA_reconstruct/empiric_merge_quality/output/evaluation/leeHom/gen_n10000000_l120_qs-10.csv, /net/node07/home/projects/DNA_reconstruct/empiric_merge_quality/output/evaluation/leeHom/gen_n10000000_l120_qs-20.csv, /net/node07/home/projects/DNA_reconstruct/empiric_merge_quality/output/evaluation/leeHom/gen_n10000000_l120_qs-30.csv, /net/node07/home/projects/DNA_reconstruct/empiric_merge_quality/output/evaluation/AdapterRemoval/gen_n10000000_l120_qs0.csv, /net/node07/home/projects/DNA_reconstruct/empiric_merge_quality/output/evaluation/AdapterRemoval/gen_n10000000_l120_qs-10.csv, /net/node07/home/projects/DNA_reconstruct/empiric_merge_quality/output/evaluation/AdapterRemoval/gen_n10000000_l120_qs-20.csv, /net/node07/home/projects/DNA_reconstruct/empiric_merge_quality/output/evaluation/AdapterRemoval/gen_n10000000_l120_qs-30.csv, /net/node07/home/projects/DNA_reconstruct/empiric_merge_quality/output/evaluation/ClipAndMerge/gen_n10000000_l120_qs0.csv, /net/node07/home/projects/DNA_reconstruct/empiric_merge_quality/output/evaluation/ClipAndMerge/gen_n10000000_l120_qs-10.csv, /net/node07/home/projects/DNA_reconstruct/empiric_merge_quality/output/evaluation/ClipAndMerge/gen_n10000000_l120_qs-20.csv, /net/node07/home/projects/DNA_reconstruct/empiric_merge_quality/output/evaluation/ClipAndMerge/gen_n10000000_l120_qs-30.csv, /net/node07/home/projects/DNA_reconstruct/empiric_merge_quality/output/evaluation/seqtk_adna_trim/gen_n10000000_l120_qs0.csv, /net/node07/home/projects/DNA_reconstruct/empiric_merge_quality/output/evaluation/seqtk_adna_trim/gen_n10000000_l120_qs-10.csv, /net/node07/home/projects/DNA_reconstruct/empiric_merge_quality/output/evaluation/seqtk_adna_trim/gen_n10000000_l120_qs-20.csv, /net/node07/home/projects/DNA_reconstruct/empiric_merge_quality/output/evaluation/seqtk_adna_trim/gen_n10000000_l120_qs-30.csv, /net/node07/home/projects/DNA_reconstruct/empiric_merge_quality/output/evaluation/bbmerge/gen_n10000000_l120_qs0.csv, /net/node07/home/projects/DNA_reconstruct/empiric_merge_quality/output/evaluation/bbmerge/gen_n10000000_l120_qs-10.csv, /net/node07/home/projects/DNA_reconstruct/empiric_merge_quality/output/evaluation/bbmerge/gen_n10000000_l120_qs-20.csv, /net/node07/home/projects/DNA_reconstruct/empiric_merge_quality/output/evaluation/bbmerge/gen_n10000000_l120_qs-30.csv, /net/node07/home/projects/DNA_reconstruct/empiric_merge_quality/output/evaluation/fastp/gen_n10000000_l120_qs0.csv, /net/node07/home/projects/DNA_reconstruct/empiric_merge_quality/output/evaluation/fastp/gen_n10000000_l120_qs-10.csv, /net/node07/home/projects/DNA_reconstruct/empiric_merge_quality/output/evaluation/fastp/gen_n10000000_l120_qs-20.csv, /net/node07/home/projects/DNA_reconstruct/empiric_merge_quality/output/evaluation/fastp/gen_n10000000_l120_qs-30.csv, /net/node07/home/projects/DNA_reconstruct/empiric_merge_quality/output/evaluation/SeqPrep/gen_n10000000_l120_qs0.csv, /net/node07/home/projects/DNA_reconstruct/empiric_merge_quality/output/evaluation/SeqPrep/gen_n10000000_l120_qs-10.csv, /net/node07/home/projects/DNA_reconstruct/empiric_merge_quality/output/evaluation/SeqPrep/gen_n10000000_l120_qs-20.csv, /net/node07/home/projects/DNA_reconstruct/empiric_merge_quality/output/evaluation/SeqPrep/gen_n10000000_l120_qs-30.csv
    output: /net/node07/home/projects/DNA_reconstruct/empiric_merge_quality/output/evaluation/all_merged.csv
    jobid: 1

[Wed Oct 19 01:41:56 2022]
Finished job 1.
63 of 64 steps (98%) done

[Wed Oct 19 01:41:57 2022]
rule all:
    input: /net/node07/home/projects/DNA_reconstruct/empiric_merge_quality/output/evaluation/all_merged.csv
    jobid: 0

[Wed Oct 19 04:11:33 2022]
Finished job 0.
64 of 64 steps (100%) done
Complete log: /net/node07/home/projects/DNA_reconstruct/empiric_merge_quality/.snakemake/log/2022-10-18T232722.003454.snakemake.log
