Building DAG of jobs...
Using shell: /usr/bin/bash
Provided cores: 16
Rules claiming more threads will be scaled down.
Job counts:
	count	jobs
	1	all
	6	evaluate
	7

[Wed Sep 28 13:08:27 2022]
rule evaluate:
    input: /net/node07/home/projects/DNA_reconstruct/infer_templates/output/simulations/gen_n50_l50.fa, /net/node07/home/projects/DNA_reconstruct/infer_templates/output/reconstructions/leeHom/gen_n50_l50_lh.fq.gz, /net/node07/home/projects/DNA_reconstruct/infer_templates/output/reconstructions/AdapterRemoval/gen_n50_l50_ar.collapsed, /net/node07/home/projects/DNA_reconstruct/infer_templates/output/reconstructions/ClipAndMerge/gen_n50_l50_cm.fq, /net/node07/home/projects/DNA_reconstruct/infer_templates/output/reconstructions/seqtk_adna-trim/gen_n50_l50_at.fq, /net/node07/home/projects/DNA_reconstruct/infer_templates/output/reconstructions/bbmerge/gen_n50_l50_bb.fq, /net/node07/home/projects/DNA_reconstruct/infer_templates/output/reconstructions/fastp/gen_n50_l50_fp.fq, /net/node07/home/projects/DNA_reconstruct/infer_templates/output/reconstructions/SeqPrep/gen_n50_l50_sp.fq.gz
    output: /net/node07/home/projects/DNA_reconstruct/infer_templates/output/evaluation/leeHom/gen_n50_l50_lh.csv, /net/node07/home/projects/DNA_reconstruct/infer_templates/output/evaluation/AdapterRemoval/gen_n50_l50_ar.csv, /net/node07/home/projects/DNA_reconstruct/infer_templates/output/evaluation/ClipAndMerge/gen_n50_l50_cm.csv, /net/node07/home/projects/DNA_reconstruct/infer_templates/output/evaluation/seqtk_adna/gen_n50_l50_at.csv, /net/node07/home/projects/DNA_reconstruct/infer_templates/output/evaluation/bbmerge/gen_n50_l50_bb.csv, /net/node07/home/projects/DNA_reconstruct/infer_templates/output/evaluation/fastp/gen_n50_l50_fp.csv, /net/node07/home/projects/DNA_reconstruct/infer_templates/output/evaluation/SeqPrep/gen_n50_l50_sp.csv
    jobid: 3
    wildcards: n=50, l=50

[Wed Sep 28 13:08:27 2022]
rule evaluate:
    input: /net/node07/home/projects/DNA_reconstruct/infer_templates/output/simulations/gen_n50_l250.fa, /net/node07/home/projects/DNA_reconstruct/infer_templates/output/reconstructions/leeHom/gen_n50_l250_lh.fq.gz, /net/node07/home/projects/DNA_reconstruct/infer_templates/output/reconstructions/AdapterRemoval/gen_n50_l250_ar.collapsed, /net/node07/home/projects/DNA_reconstruct/infer_templates/output/reconstructions/ClipAndMerge/gen_n50_l250_cm.fq, /net/node07/home/projects/DNA_reconstruct/infer_templates/output/reconstructions/seqtk_adna-trim/gen_n50_l250_at.fq, /net/node07/home/projects/DNA_reconstruct/infer_templates/output/reconstructions/bbmerge/gen_n50_l250_bb.fq, /net/node07/home/projects/DNA_reconstruct/infer_templates/output/reconstructions/fastp/gen_n50_l250_fp.fq, /net/node07/home/projects/DNA_reconstruct/infer_templates/output/reconstructions/SeqPrep/gen_n50_l250_sp.fq.gz
    output: /net/node07/home/projects/DNA_reconstruct/infer_templates/output/evaluation/leeHom/gen_n50_l250_lh.csv, /net/node07/home/projects/DNA_reconstruct/infer_templates/output/evaluation/AdapterRemoval/gen_n50_l250_ar.csv, /net/node07/home/projects/DNA_reconstruct/infer_templates/output/evaluation/ClipAndMerge/gen_n50_l250_cm.csv, /net/node07/home/projects/DNA_reconstruct/infer_templates/output/evaluation/seqtk_adna/gen_n50_l250_at.csv, /net/node07/home/projects/DNA_reconstruct/infer_templates/output/evaluation/bbmerge/gen_n50_l250_bb.csv, /net/node07/home/projects/DNA_reconstruct/infer_templates/output/evaluation/fastp/gen_n50_l250_fp.csv, /net/node07/home/projects/DNA_reconstruct/infer_templates/output/evaluation/SeqPrep/gen_n50_l250_sp.csv
    jobid: 5
    wildcards: n=50, l=250

[Wed Sep 28 13:08:27 2022]
rule evaluate:
    input: /net/node07/home/projects/DNA_reconstruct/infer_templates/output/simulations/gen_n50_l20.fa, /net/node07/home/projects/DNA_reconstruct/infer_templates/output/reconstructions/leeHom/gen_n50_l20_lh.fq.gz, /net/node07/home/projects/DNA_reconstruct/infer_templates/output/reconstructions/AdapterRemoval/gen_n50_l20_ar.collapsed, /net/node07/home/projects/DNA_reconstruct/infer_templates/output/reconstructions/ClipAndMerge/gen_n50_l20_cm.fq, /net/node07/home/projects/DNA_reconstruct/infer_templates/output/reconstructions/seqtk_adna-trim/gen_n50_l20_at.fq, /net/node07/home/projects/DNA_reconstruct/infer_templates/output/reconstructions/bbmerge/gen_n50_l20_bb.fq, /net/node07/home/projects/DNA_reconstruct/infer_templates/output/reconstructions/fastp/gen_n50_l20_fp.fq, /net/node07/home/projects/DNA_reconstruct/infer_templates/output/reconstructions/SeqPrep/gen_n50_l20_sp.fq.gz
    output: /net/node07/home/projects/DNA_reconstruct/infer_templates/output/evaluation/leeHom/gen_n50_l20_lh.csv, /net/node07/home/projects/DNA_reconstruct/infer_templates/output/evaluation/AdapterRemoval/gen_n50_l20_ar.csv, /net/node07/home/projects/DNA_reconstruct/infer_templates/output/evaluation/ClipAndMerge/gen_n50_l20_cm.csv, /net/node07/home/projects/DNA_reconstruct/infer_templates/output/evaluation/seqtk_adna/gen_n50_l20_at.csv, /net/node07/home/projects/DNA_reconstruct/infer_templates/output/evaluation/bbmerge/gen_n50_l20_bb.csv, /net/node07/home/projects/DNA_reconstruct/infer_templates/output/evaluation/fastp/gen_n50_l20_fp.csv, /net/node07/home/projects/DNA_reconstruct/infer_templates/output/evaluation/SeqPrep/gen_n50_l20_sp.csv
    jobid: 2
    wildcards: n=50, l=20

[Wed Sep 28 13:08:28 2022]
rule evaluate:
    input: /net/node07/home/projects/DNA_reconstruct/infer_templates/output/simulations/gen_n50_l1000.fa, /net/node07/home/projects/DNA_reconstruct/infer_templates/output/reconstructions/leeHom/gen_n50_l1000_lh.fq.gz, /net/node07/home/projects/DNA_reconstruct/infer_templates/output/reconstructions/AdapterRemoval/gen_n50_l1000_ar.collapsed, /net/node07/home/projects/DNA_reconstruct/infer_templates/output/reconstructions/ClipAndMerge/gen_n50_l1000_cm.fq, /net/node07/home/projects/DNA_reconstruct/infer_templates/output/reconstructions/seqtk_adna-trim/gen_n50_l1000_at.fq, /net/node07/home/projects/DNA_reconstruct/infer_templates/output/reconstructions/bbmerge/gen_n50_l1000_bb.fq, /net/node07/home/projects/DNA_reconstruct/infer_templates/output/reconstructions/fastp/gen_n50_l1000_fp.fq, /net/node07/home/projects/DNA_reconstruct/infer_templates/output/reconstructions/SeqPrep/gen_n50_l1000_sp.fq.gz
    output: /net/node07/home/projects/DNA_reconstruct/infer_templates/output/evaluation/leeHom/gen_n50_l1000_lh.csv, /net/node07/home/projects/DNA_reconstruct/infer_templates/output/evaluation/AdapterRemoval/gen_n50_l1000_ar.csv, /net/node07/home/projects/DNA_reconstruct/infer_templates/output/evaluation/ClipAndMerge/gen_n50_l1000_cm.csv, /net/node07/home/projects/DNA_reconstruct/infer_templates/output/evaluation/seqtk_adna/gen_n50_l1000_at.csv, /net/node07/home/projects/DNA_reconstruct/infer_templates/output/evaluation/bbmerge/gen_n50_l1000_bb.csv, /net/node07/home/projects/DNA_reconstruct/infer_templates/output/evaluation/fastp/gen_n50_l1000_fp.csv, /net/node07/home/projects/DNA_reconstruct/infer_templates/output/evaluation/SeqPrep/gen_n50_l1000_sp.csv
    jobid: 6
    wildcards: n=50, l=1000

[Wed Sep 28 13:08:28 2022]
rule evaluate:
    input: /net/node07/home/projects/DNA_reconstruct/infer_templates/output/simulations/gen_n50_l100.fa, /net/node07/home/projects/DNA_reconstruct/infer_templates/output/reconstructions/leeHom/gen_n50_l100_lh.fq.gz, /net/node07/home/projects/DNA_reconstruct/infer_templates/output/reconstructions/AdapterRemoval/gen_n50_l100_ar.collapsed, /net/node07/home/projects/DNA_reconstruct/infer_templates/output/reconstructions/ClipAndMerge/gen_n50_l100_cm.fq, /net/node07/home/projects/DNA_reconstruct/infer_templates/output/reconstructions/seqtk_adna-trim/gen_n50_l100_at.fq, /net/node07/home/projects/DNA_reconstruct/infer_templates/output/reconstructions/bbmerge/gen_n50_l100_bb.fq, /net/node07/home/projects/DNA_reconstruct/infer_templates/output/reconstructions/fastp/gen_n50_l100_fp.fq, /net/node07/home/projects/DNA_reconstruct/infer_templates/output/reconstructions/SeqPrep/gen_n50_l100_sp.fq.gz
    output: /net/node07/home/projects/DNA_reconstruct/infer_templates/output/evaluation/leeHom/gen_n50_l100_lh.csv, /net/node07/home/projects/DNA_reconstruct/infer_templates/output/evaluation/AdapterRemoval/gen_n50_l100_ar.csv, /net/node07/home/projects/DNA_reconstruct/infer_templates/output/evaluation/ClipAndMerge/gen_n50_l100_cm.csv, /net/node07/home/projects/DNA_reconstruct/infer_templates/output/evaluation/seqtk_adna/gen_n50_l100_at.csv, /net/node07/home/projects/DNA_reconstruct/infer_templates/output/evaluation/bbmerge/gen_n50_l100_bb.csv, /net/node07/home/projects/DNA_reconstruct/infer_templates/output/evaluation/fastp/gen_n50_l100_fp.csv, /net/node07/home/projects/DNA_reconstruct/infer_templates/output/evaluation/SeqPrep/gen_n50_l100_sp.csv
    jobid: 4
    wildcards: n=50, l=100

[Wed Sep 28 13:08:29 2022]
rule evaluate:
    input: /net/node07/home/projects/DNA_reconstruct/infer_templates/output/simulations/gen_n50_l10.fa, /net/node07/home/projects/DNA_reconstruct/infer_templates/output/reconstructions/leeHom/gen_n50_l10_lh.fq.gz, /net/node07/home/projects/DNA_reconstruct/infer_templates/output/reconstructions/AdapterRemoval/gen_n50_l10_ar.collapsed, /net/node07/home/projects/DNA_reconstruct/infer_templates/output/reconstructions/ClipAndMerge/gen_n50_l10_cm.fq, /net/node07/home/projects/DNA_reconstruct/infer_templates/output/reconstructions/seqtk_adna-trim/gen_n50_l10_at.fq, /net/node07/home/projects/DNA_reconstruct/infer_templates/output/reconstructions/bbmerge/gen_n50_l10_bb.fq, /net/node07/home/projects/DNA_reconstruct/infer_templates/output/reconstructions/fastp/gen_n50_l10_fp.fq, /net/node07/home/projects/DNA_reconstruct/infer_templates/output/reconstructions/SeqPrep/gen_n50_l10_sp.fq.gz
    output: /net/node07/home/projects/DNA_reconstruct/infer_templates/output/evaluation/leeHom/gen_n50_l10_lh.csv, /net/node07/home/projects/DNA_reconstruct/infer_templates/output/evaluation/AdapterRemoval/gen_n50_l10_ar.csv, /net/node07/home/projects/DNA_reconstruct/infer_templates/output/evaluation/ClipAndMerge/gen_n50_l10_cm.csv, /net/node07/home/projects/DNA_reconstruct/infer_templates/output/evaluation/seqtk_adna/gen_n50_l10_at.csv, /net/node07/home/projects/DNA_reconstruct/infer_templates/output/evaluation/bbmerge/gen_n50_l10_bb.csv, /net/node07/home/projects/DNA_reconstruct/infer_templates/output/evaluation/fastp/gen_n50_l10_fp.csv, /net/node07/home/projects/DNA_reconstruct/infer_templates/output/evaluation/SeqPrep/gen_n50_l10_sp.csv
    jobid: 1
    wildcards: n=50, l=10

[Wed Sep 28 13:08:30 2022]
Finished job 3.
1 of 7 steps (14%) done
[Wed Sep 28 13:08:31 2022]
Finished job 5.
2 of 7 steps (29%) done
[Wed Sep 28 13:08:32 2022]
Finished job 2.
3 of 7 steps (43%) done
[Wed Sep 28 13:08:32 2022]
Finished job 6.
4 of 7 steps (57%) done
[Wed Sep 28 13:08:32 2022]
Finished job 4.
5 of 7 steps (71%) done
[Wed Sep 28 13:08:33 2022]
Finished job 1.
6 of 7 steps (86%) done

[Wed Sep 28 13:08:33 2022]
localrule all:
    input: /net/node07/home/projects/DNA_reconstruct/infer_templates/output/evaluation/leeHom/gen_n50_l10_lh.csv, /net/node07/home/projects/DNA_reconstruct/infer_templates/output/evaluation/leeHom/gen_n50_l20_lh.csv, /net/node07/home/projects/DNA_reconstruct/infer_templates/output/evaluation/leeHom/gen_n50_l50_lh.csv, /net/node07/home/projects/DNA_reconstruct/infer_templates/output/evaluation/leeHom/gen_n50_l100_lh.csv, /net/node07/home/projects/DNA_reconstruct/infer_templates/output/evaluation/leeHom/gen_n50_l250_lh.csv, /net/node07/home/projects/DNA_reconstruct/infer_templates/output/evaluation/leeHom/gen_n50_l1000_lh.csv, /net/node07/home/projects/DNA_reconstruct/infer_templates/output/evaluation/AdapterRemoval/gen_n50_l10_ar.csv, /net/node07/home/projects/DNA_reconstruct/infer_templates/output/evaluation/AdapterRemoval/gen_n50_l20_ar.csv, /net/node07/home/projects/DNA_reconstruct/infer_templates/output/evaluation/AdapterRemoval/gen_n50_l50_ar.csv, /net/node07/home/projects/DNA_reconstruct/infer_templates/output/evaluation/AdapterRemoval/gen_n50_l100_ar.csv, /net/node07/home/projects/DNA_reconstruct/infer_templates/output/evaluation/AdapterRemoval/gen_n50_l250_ar.csv, /net/node07/home/projects/DNA_reconstruct/infer_templates/output/evaluation/AdapterRemoval/gen_n50_l1000_ar.csv, /net/node07/home/projects/DNA_reconstruct/infer_templates/output/evaluation/ClipAndMerge/gen_n50_l10_cm.csv, /net/node07/home/projects/DNA_reconstruct/infer_templates/output/evaluation/ClipAndMerge/gen_n50_l20_cm.csv, /net/node07/home/projects/DNA_reconstruct/infer_templates/output/evaluation/ClipAndMerge/gen_n50_l50_cm.csv, /net/node07/home/projects/DNA_reconstruct/infer_templates/output/evaluation/ClipAndMerge/gen_n50_l100_cm.csv, /net/node07/home/projects/DNA_reconstruct/infer_templates/output/evaluation/ClipAndMerge/gen_n50_l250_cm.csv, /net/node07/home/projects/DNA_reconstruct/infer_templates/output/evaluation/ClipAndMerge/gen_n50_l1000_cm.csv, /net/node07/home/projects/DNA_reconstruct/infer_templates/output/evaluation/seqtk_adna/gen_n50_l10_at.csv, /net/node07/home/projects/DNA_reconstruct/infer_templates/output/evaluation/seqtk_adna/gen_n50_l20_at.csv, /net/node07/home/projects/DNA_reconstruct/infer_templates/output/evaluation/seqtk_adna/gen_n50_l50_at.csv, /net/node07/home/projects/DNA_reconstruct/infer_templates/output/evaluation/seqtk_adna/gen_n50_l100_at.csv, /net/node07/home/projects/DNA_reconstruct/infer_templates/output/evaluation/seqtk_adna/gen_n50_l250_at.csv, /net/node07/home/projects/DNA_reconstruct/infer_templates/output/evaluation/seqtk_adna/gen_n50_l1000_at.csv, /net/node07/home/projects/DNA_reconstruct/infer_templates/output/evaluation/bbmerge/gen_n50_l10_bb.csv, /net/node07/home/projects/DNA_reconstruct/infer_templates/output/evaluation/bbmerge/gen_n50_l20_bb.csv, /net/node07/home/projects/DNA_reconstruct/infer_templates/output/evaluation/bbmerge/gen_n50_l50_bb.csv, /net/node07/home/projects/DNA_reconstruct/infer_templates/output/evaluation/bbmerge/gen_n50_l100_bb.csv, /net/node07/home/projects/DNA_reconstruct/infer_templates/output/evaluation/bbmerge/gen_n50_l250_bb.csv, /net/node07/home/projects/DNA_reconstruct/infer_templates/output/evaluation/bbmerge/gen_n50_l1000_bb.csv, /net/node07/home/projects/DNA_reconstruct/infer_templates/output/evaluation/fastp/gen_n50_l10_fp.csv, /net/node07/home/projects/DNA_reconstruct/infer_templates/output/evaluation/fastp/gen_n50_l20_fp.csv, /net/node07/home/projects/DNA_reconstruct/infer_templates/output/evaluation/fastp/gen_n50_l50_fp.csv, /net/node07/home/projects/DNA_reconstruct/infer_templates/output/evaluation/fastp/gen_n50_l100_fp.csv, /net/node07/home/projects/DNA_reconstruct/infer_templates/output/evaluation/fastp/gen_n50_l250_fp.csv, /net/node07/home/projects/DNA_reconstruct/infer_templates/output/evaluation/fastp/gen_n50_l1000_fp.csv, /net/node07/home/projects/DNA_reconstruct/infer_templates/output/evaluation/SeqPrep/gen_n50_l10_sp.csv, /net/node07/home/projects/DNA_reconstruct/infer_templates/output/evaluation/SeqPrep/gen_n50_l20_sp.csv, /net/node07/home/projects/DNA_reconstruct/infer_templates/output/evaluation/SeqPrep/gen_n50_l50_sp.csv, /net/node07/home/projects/DNA_reconstruct/infer_templates/output/evaluation/SeqPrep/gen_n50_l100_sp.csv, /net/node07/home/projects/DNA_reconstruct/infer_templates/output/evaluation/SeqPrep/gen_n50_l250_sp.csv, /net/node07/home/projects/DNA_reconstruct/infer_templates/output/evaluation/SeqPrep/gen_n50_l1000_sp.csv
    jobid: 0

[Wed Sep 28 13:08:33 2022]
Finished job 0.
7 of 7 steps (100%) done
Complete log: /net/node07/home/projects/DNA_reconstruct/infer_templates/.snakemake/log/2022-09-28T130826.766253.snakemake.log
