Building DAG of jobs...
Using shell: /usr/bin/bash
Provided cores: 16
Rules claiming more threads will be scaled down.
Job counts:
	count	jobs
	6	AdapterRemoval
	6	ClipAndMerge
	6	SeqPrep
	6	add_adapters
	1	all
	6	bbmerge
	6	evaluate
	6	fastp
	6	leeHom
	6	seqtk_adna_trim
	6	simulate_fragments
	6	simulate_reads
	67

[Thu Oct  6 20:22:06 2022]
rule simulate_fragments:
    input: /home/projects/DNA_reconstruct/input_files/CHM13_T2T.fa
    output: /net/node07/home/projects/DNA_reconstruct/infer_templates/output/simulations/gen_n50_l100.fa
    jobid: 31
    benchmark: /net/node07/home/projects/DNA_reconstruct/infer_templates/output/benchmarks/simulate_fragments/gen_n50_l100.tsv
    wildcards: n=50, l=100


[Thu Oct  6 20:22:06 2022]
rule simulate_fragments:
    input: /home/projects/DNA_reconstruct/input_files/CHM13_T2T.fa
    output: /net/node07/home/projects/DNA_reconstruct/infer_templates/output/simulations/gen_n50_l50.fa
    jobid: 23
    benchmark: /net/node07/home/projects/DNA_reconstruct/infer_templates/output/benchmarks/simulate_fragments/gen_n50_l50.tsv
    wildcards: n=50, l=50


[Thu Oct  6 20:22:06 2022]
rule simulate_fragments:
    input: /home/projects/DNA_reconstruct/input_files/CHM13_T2T.fa
    output: /net/node07/home/projects/DNA_reconstruct/infer_templates/output/simulations/gen_n50_l10.fa
    jobid: 7
    benchmark: /net/node07/home/projects/DNA_reconstruct/infer_templates/output/benchmarks/simulate_fragments/gen_n50_l10.tsv
    wildcards: n=50, l=10


[Thu Oct  6 20:22:06 2022]
rule simulate_fragments:
    input: /home/projects/DNA_reconstruct/input_files/CHM13_T2T.fa
    output: /net/node07/home/projects/DNA_reconstruct/infer_templates/output/simulations/gen_n50_l1000.fa
    jobid: 47
    benchmark: /net/node07/home/projects/DNA_reconstruct/infer_templates/output/benchmarks/simulate_fragments/gen_n50_l1000.tsv
    wildcards: n=50, l=1000


[Thu Oct  6 20:22:06 2022]
rule simulate_fragments:
    input: /home/projects/DNA_reconstruct/input_files/CHM13_T2T.fa
    output: /net/node07/home/projects/DNA_reconstruct/infer_templates/output/simulations/gen_n50_l20.fa
    jobid: 15
    benchmark: /net/node07/home/projects/DNA_reconstruct/infer_templates/output/benchmarks/simulate_fragments/gen_n50_l20.tsv
    wildcards: n=50, l=20

[Thu Oct  6 20:22:06 2022]
Error in rule simulate_fragments:
[Thu Oct  6 20:22:06 2022]
[Thu Oct  6 20:22:06 2022]
    jobid: 23
Error in rule simulate_fragments:
Error in rule simulate_fragments:
    output: /net/node07/home/projects/DNA_reconstruct/infer_templates/output/simulations/gen_n50_l50.fa
    jobid: 7
    jobid: 31
    shell:
        /home/ctools/gargammel/src/fragSim -n 50 -l 50 /home/projects/DNA_reconstruct/input_files/CHM13_T2T.fa > /net/node07/home/projects/DNA_reconstruct/infer_templates/output/simulations/gen_n50_l50.fa
        (one of the commands exited with non-zero exit code; note that snakemake uses bash strict mode!)
    output: /net/node07/home/projects/DNA_reconstruct/infer_templates/output/simulations/gen_n50_l10.fa
    output: /net/node07/home/projects/DNA_reconstruct/infer_templates/output/simulations/gen_n50_l100.fa

    shell:
        /home/ctools/gargammel/src/fragSim -n 50 -l 10 /home/projects/DNA_reconstruct/input_files/CHM13_T2T.fa > /net/node07/home/projects/DNA_reconstruct/infer_templates/output/simulations/gen_n50_l10.fa
        (one of the commands exited with non-zero exit code; note that snakemake uses bash strict mode!)
    shell:
        /home/ctools/gargammel/src/fragSim -n 50 -l 100 /home/projects/DNA_reconstruct/input_files/CHM13_T2T.fa > /net/node07/home/projects/DNA_reconstruct/infer_templates/output/simulations/gen_n50_l100.fa
        (one of the commands exited with non-zero exit code; note that snakemake uses bash strict mode!)
Removing output files of failed job simulate_fragments since they might be corrupted:
/net/node07/home/projects/DNA_reconstruct/infer_templates/output/simulations/gen_n50_l50.fa


[Thu Oct  6 20:22:06 2022]
Error in rule simulate_fragments:
    jobid: 47
    output: /net/node07/home/projects/DNA_reconstruct/infer_templates/output/simulations/gen_n50_l1000.fa
    shell:
        /home/ctools/gargammel/src/fragSim -n 50 -l 1000 /home/projects/DNA_reconstruct/input_files/CHM13_T2T.fa > /net/node07/home/projects/DNA_reconstruct/infer_templates/output/simulations/gen_n50_l1000.fa
        (one of the commands exited with non-zero exit code; note that snakemake uses bash strict mode!)

Removing output files of failed job simulate_fragments since they might be corrupted:
/net/node07/home/projects/DNA_reconstruct/infer_templates/output/simulations/gen_n50_l10.fa

Removing output files of failed job simulate_fragments since they might be corrupted:
/net/node07/home/projects/DNA_reconstruct/infer_templates/output/simulations/gen_n50_l100.fa
[Thu Oct  6 20:22:06 2022]
rule simulate_fragments:
    input: /home/projects/DNA_reconstruct/input_files/CHM13_T2T.fa
    output: /net/node07/home/projects/DNA_reconstruct/infer_templates/output/simulations/gen_n50_l250.fa
    jobid: 39
    benchmark: /net/node07/home/projects/DNA_reconstruct/infer_templates/output/benchmarks/simulate_fragments/gen_n50_l250.tsv
    wildcards: n=50, l=250

[Thu Oct  6 20:22:06 2022]
Error in rule simulate_fragments:
    jobid: 15
    output: /net/node07/home/projects/DNA_reconstruct/infer_templates/output/simulations/gen_n50_l20.fa
    shell:
        /home/ctools/gargammel/src/fragSim -n 50 -l 20 /home/projects/DNA_reconstruct/input_files/CHM13_T2T.fa > /net/node07/home/projects/DNA_reconstruct/infer_templates/output/simulations/gen_n50_l20.fa
        (one of the commands exited with non-zero exit code; note that snakemake uses bash strict mode!)

Removing output files of failed job simulate_fragments since they might be corrupted:
/net/node07/home/projects/DNA_reconstruct/infer_templates/output/simulations/gen_n50_l1000.fa
Removing output files of failed job simulate_fragments since they might be corrupted:
/net/node07/home/projects/DNA_reconstruct/infer_templates/output/simulations/gen_n50_l20.fa
[Thu Oct  6 20:22:06 2022]
Error in rule simulate_fragments:
    jobid: 39
    output: /net/node07/home/projects/DNA_reconstruct/infer_templates/output/simulations/gen_n50_l250.fa
    shell:
        /home/ctools/gargammel/src/fragSim -n 50 -l 250 /home/projects/DNA_reconstruct/input_files/CHM13_T2T.fa > /net/node07/home/projects/DNA_reconstruct/infer_templates/output/simulations/gen_n50_l250.fa
        (one of the commands exited with non-zero exit code; note that snakemake uses bash strict mode!)

Removing output files of failed job simulate_fragments since they might be corrupted:
/net/node07/home/projects/DNA_reconstruct/infer_templates/output/simulations/gen_n50_l250.fa
Shutting down, this might take some time.
Exiting because a job execution failed. Look above for error message
Complete log: /net/node07/home/projects/DNA_reconstruct/infer_templates/.snakemake/log/2022-10-06T202206.111453.snakemake.log
